The system is: Linux - 3.10.0-862.el7.x86_64 - x86_64
Compiling the C compiler identification source file "CMakeCCompilerId.c" succeeded.
Compiler: /usr/local/bin/clang 
Build flags: 
Id flags:  

The output was:
0


Compilation of the C compiler identification source "CMakeCCompilerId.c" produced "a.out"

The C compiler identification is Clang, found in "/pvfsmnt/118010224/parallel_version_extend/build/CMakeFiles/3.21.2/CompilerIdC/a.out"

Compiling the CXX compiler identification source file "CMakeCXXCompilerId.cpp" succeeded.
Compiler: /usr/local/bin/clang++ 
Build flags: 
Id flags:  

The output was:
0


Compilation of the CXX compiler identification source "CMakeCXXCompilerId.cpp" produced "a.out"

The CXX compiler identification is Clang, found in "/pvfsmnt/118010224/parallel_version_extend/build/CMakeFiles/3.21.2/CompilerIdCXX/a.out"

Detecting C compiler ABI info compiled with the following output:
Change Dir: /pvfsmnt/118010224/parallel_version_extend/build/CMakeFiles/CMakeTmp

Run Build Command(s):/usr/bin/gmake -f Makefile cmTC_8eddf/fast && /usr/bin/gmake  -f CMakeFiles/cmTC_8eddf.dir/build.make CMakeFiles/cmTC_8eddf.dir/build
gmake[1]: Entering directory `/pvfsmnt/118010224/parallel_version_extend/build/CMakeFiles/CMakeTmp'
Building C object CMakeFiles/cmTC_8eddf.dir/CMakeCCompilerABI.c.o
/usr/local/bin/clang   -v -MD -MT CMakeFiles/cmTC_8eddf.dir/CMakeCCompilerABI.c.o -MF CMakeFiles/cmTC_8eddf.dir/CMakeCCompilerABI.c.o.d -o CMakeFiles/cmTC_8eddf.dir/CMakeCCompilerABI.c.o -c /opt/cmake/share/cmake-3.21/Modules/CMakeCCompilerABI.c
clang version 12.0.1 (/llvm/llvm-project/clang fed41342a82f5a3a9201819a82bf7a48313e296b)
Target: x86_64-unknown-linux-gnu
Thread model: posix
InstalledDir: /usr/local/bin
Found candidate GCC installation: /opt/rh/devtoolset-10/root/usr/lib/gcc/x86_64-redhat-linux/10
Found candidate GCC installation: /usr/lib/gcc/x86_64-redhat-linux/4.4.7
Found candidate GCC installation: /usr/lib/gcc/x86_64-redhat-linux/4.8.2
Found candidate GCC installation: /usr/lib/gcc/x86_64-redhat-linux/4.8.5
Found candidate GCC installation: /usr/lib/gcc/x86_64-redhat-linux/6.1.0
Selected GCC installation: /opt/rh/devtoolset-10/root/usr/lib/gcc/x86_64-redhat-linux/10
Candidate multilib: .;@m64
Candidate multilib: 32;@m32
Selected multilib: .;@m64
Found CUDA installation: /usr/local/cuda-11.4, version 11.0
 (in-process)
 "/usr/local/bin/clang-12" -cc1 -triple x86_64-unknown-linux-gnu -emit-obj -mrelax-all --mrelax-relocations -disable-free -disable-llvm-verifier -discard-value-names -main-file-name CMakeCCompilerABI.c -mrelocation-model static -mframe-pointer=all -fmath-errno -fno-rounding-math -mconstructor-aliases -munwind-tables -target-cpu x86-64 -tune-cpu generic -fno-split-dwarf-inlining -debugger-tuning=gdb -v -resource-dir /usr/local/lib/clang/12.0.1 -dependency-file CMakeFiles/cmTC_8eddf.dir/CMakeCCompilerABI.c.o.d -MT CMakeFiles/cmTC_8eddf.dir/CMakeCCompilerABI.c.o -sys-header-deps -internal-isystem /usr/local/include -internal-isystem /usr/local/lib/clang/12.0.1/include -internal-externc-isystem /include -internal-externc-isystem /usr/include -fdebug-compilation-dir /pvfsmnt/118010224/parallel_version_extend/build/CMakeFiles/CMakeTmp -ferror-limit 19 -fgnuc-version=4.2.1 -faddrsig -o CMakeFiles/cmTC_8eddf.dir/CMakeCCompilerABI.c.o -x c /opt/cmake/share/cmake-3.21/Modules/CMakeCCompilerABI.c
clang -cc1 version 12.0.1 based upon LLVM 12.0.1 default target x86_64-unknown-linux-gnu
ignoring nonexistent directory "/include"
#include "..." search starts here:
#include <...> search starts here:
 /usr/local/include
 /usr/local/lib/clang/12.0.1/include
 /usr/include
End of search list.
Linking C executable cmTC_8eddf
/opt/cmake/bin/cmake -E cmake_link_script CMakeFiles/cmTC_8eddf.dir/link.txt --verbose=1
/usr/local/bin/clang  -v CMakeFiles/cmTC_8eddf.dir/CMakeCCompilerABI.c.o -o cmTC_8eddf 
clang version 12.0.1 (/llvm/llvm-project/clang fed41342a82f5a3a9201819a82bf7a48313e296b)
Target: x86_64-unknown-linux-gnu
Thread model: posix
InstalledDir: /usr/local/bin
Found candidate GCC installation: /opt/rh/devtoolset-10/root/usr/lib/gcc/x86_64-redhat-linux/10
Found candidate GCC installation: /usr/lib/gcc/x86_64-redhat-linux/4.4.7
Found candidate GCC installation: /usr/lib/gcc/x86_64-redhat-linux/4.8.2
Found candidate GCC installation: /usr/lib/gcc/x86_64-redhat-linux/4.8.5
Found candidate GCC installation: /usr/lib/gcc/x86_64-redhat-linux/6.1.0
Selected GCC installation: /opt/rh/devtoolset-10/root/usr/lib/gcc/x86_64-redhat-linux/10
Candidate multilib: .;@m64
Candidate multilib: 32;@m32
Selected multilib: .;@m64
Found CUDA installation: /usr/local/cuda-11.4, version 11.0
 "/usr/local/bin/ld.lld" --hash-style=gnu --eh-frame-hdr -m elf_x86_64 -dynamic-linker /lib64/ld-linux-x86-64.so.2 -o cmTC_8eddf /lib/../lib64/crt1.o /lib/../lib64/crti.o /usr/local/lib/clang/12.0.1/lib/linux/clang_rt.crtbegin-x86_64.o -L/opt/rh/devtoolset-10/root/usr/lib/gcc/x86_64-redhat-linux/10 -L/opt/rh/devtoolset-10/root/usr/lib/gcc/x86_64-redhat-linux/10/../../../../lib64 -L/usr/local/bin/../lib64 -L/lib/../lib64 -L/usr/lib/../lib64 -L/opt/rh/devtoolset-10/root/usr/lib/gcc/x86_64-redhat-linux/10/../../.. -L/usr/local/bin/../lib -L/lib -L/usr/lib CMakeFiles/cmTC_8eddf.dir/CMakeCCompilerABI.c.o /usr/local/lib/clang/12.0.1/lib/linux/libclang_rt.builtins-x86_64.a --as-needed -l:libunwind.so --no-as-needed -lc /usr/local/lib/clang/12.0.1/lib/linux/libclang_rt.builtins-x86_64.a --as-needed -l:libunwind.so --no-as-needed /usr/local/lib/clang/12.0.1/lib/linux/clang_rt.crtend-x86_64.o /lib/../lib64/crtn.o
gmake[1]: Leaving directory `/pvfsmnt/118010224/parallel_version_extend/build/CMakeFiles/CMakeTmp'



Parsed C implicit include dir info from above output: rv=done
  found start of include info
  found start of implicit include info
    add: [/usr/local/include]
    add: [/usr/local/lib/clang/12.0.1/include]
    add: [/usr/include]
  end of search list found
  collapse include dir [/usr/local/include] ==> [/usr/local/include]
  collapse include dir [/usr/local/lib/clang/12.0.1/include] ==> [/usr/local/lib/clang/12.0.1/include]
  collapse include dir [/usr/include] ==> [/usr/include]
  implicit include dirs: [/usr/local/include;/usr/local/lib/clang/12.0.1/include;/usr/include]


Parsed C implicit link information from above output:
  link line regex: [^( *|.*[/\])(ld\.lld|CMAKE_LINK_STARTFILE-NOTFOUND|([^/\]+-)?ld|collect2)[^/\]*( |$)]
  ignore line: [Change Dir: /pvfsmnt/118010224/parallel_version_extend/build/CMakeFiles/CMakeTmp]
  ignore line: []
  ignore line: [Run Build Command(s):/usr/bin/gmake -f Makefile cmTC_8eddf/fast && /usr/bin/gmake  -f CMakeFiles/cmTC_8eddf.dir/build.make CMakeFiles/cmTC_8eddf.dir/build]
  ignore line: [gmake[1]: Entering directory `/pvfsmnt/118010224/parallel_version_extend/build/CMakeFiles/CMakeTmp']
  ignore line: [Building C object CMakeFiles/cmTC_8eddf.dir/CMakeCCompilerABI.c.o]
  ignore line: [/usr/local/bin/clang   -v -MD -MT CMakeFiles/cmTC_8eddf.dir/CMakeCCompilerABI.c.o -MF CMakeFiles/cmTC_8eddf.dir/CMakeCCompilerABI.c.o.d -o CMakeFiles/cmTC_8eddf.dir/CMakeCCompilerABI.c.o -c /opt/cmake/share/cmake-3.21/Modules/CMakeCCompilerABI.c]
  ignore line: [clang version 12.0.1 (/llvm/llvm-project/clang fed41342a82f5a3a9201819a82bf7a48313e296b)]
  ignore line: [Target: x86_64-unknown-linux-gnu]
  ignore line: [Thread model: posix]
  ignore line: [InstalledDir: /usr/local/bin]
  ignore line: [Found candidate GCC installation: /opt/rh/devtoolset-10/root/usr/lib/gcc/x86_64-redhat-linux/10]
  ignore line: [Found candidate GCC installation: /usr/lib/gcc/x86_64-redhat-linux/4.4.7]
  ignore line: [Found candidate GCC installation: /usr/lib/gcc/x86_64-redhat-linux/4.8.2]
  ignore line: [Found candidate GCC installation: /usr/lib/gcc/x86_64-redhat-linux/4.8.5]
  ignore line: [Found candidate GCC installation: /usr/lib/gcc/x86_64-redhat-linux/6.1.0]
  ignore line: [Selected GCC installation: /opt/rh/devtoolset-10/root/usr/lib/gcc/x86_64-redhat-linux/10]
  ignore line: [Candidate multilib: .]
  ignore line: [@m64]
  ignore line: [Candidate multilib: 32]
  ignore line: [@m32]
  ignore line: [Selected multilib: .]
  ignore line: [@m64]
  ignore line: [Found CUDA installation: /usr/local/cuda-11.4  version 11.0]
  ignore line: [ (in-process)]
  ignore line: [ "/usr/local/bin/clang-12" -cc1 -triple x86_64-unknown-linux-gnu -emit-obj -mrelax-all --mrelax-relocations -disable-free -disable-llvm-verifier -discard-value-names -main-file-name CMakeCCompilerABI.c -mrelocation-model static -mframe-pointer=all -fmath-errno -fno-rounding-math -mconstructor-aliases -munwind-tables -target-cpu x86-64 -tune-cpu generic -fno-split-dwarf-inlining -debugger-tuning=gdb -v -resource-dir /usr/local/lib/clang/12.0.1 -dependency-file CMakeFiles/cmTC_8eddf.dir/CMakeCCompilerABI.c.o.d -MT CMakeFiles/cmTC_8eddf.dir/CMakeCCompilerABI.c.o -sys-header-deps -internal-isystem /usr/local/include -internal-isystem /usr/local/lib/clang/12.0.1/include -internal-externc-isystem /include -internal-externc-isystem /usr/include -fdebug-compilation-dir /pvfsmnt/118010224/parallel_version_extend/build/CMakeFiles/CMakeTmp -ferror-limit 19 -fgnuc-version=4.2.1 -faddrsig -o CMakeFiles/cmTC_8eddf.dir/CMakeCCompilerABI.c.o -x c /opt/cmake/share/cmake-3.21/Modules/CMakeCCompilerABI.c]
  ignore line: [clang -cc1 version 12.0.1 based upon LLVM 12.0.1 default target x86_64-unknown-linux-gnu]
  ignore line: [ignoring nonexistent directory "/include"]
  ignore line: [#include "..." search starts here:]
  ignore line: [#include <...> search starts here:]
  ignore line: [ /usr/local/include]
  ignore line: [ /usr/local/lib/clang/12.0.1/include]
  ignore line: [ /usr/include]
  ignore line: [End of search list.]
  ignore line: [Linking C executable cmTC_8eddf]
  ignore line: [/opt/cmake/bin/cmake -E cmake_link_script CMakeFiles/cmTC_8eddf.dir/link.txt --verbose=1]
  ignore line: [/usr/local/bin/clang  -v CMakeFiles/cmTC_8eddf.dir/CMakeCCompilerABI.c.o -o cmTC_8eddf ]
  ignore line: [clang version 12.0.1 (/llvm/llvm-project/clang fed41342a82f5a3a9201819a82bf7a48313e296b)]
  ignore line: [Target: x86_64-unknown-linux-gnu]
  ignore line: [Thread model: posix]
  ignore line: [InstalledDir: /usr/local/bin]
  ignore line: [Found candidate GCC installation: /opt/rh/devtoolset-10/root/usr/lib/gcc/x86_64-redhat-linux/10]
  ignore line: [Found candidate GCC installation: /usr/lib/gcc/x86_64-redhat-linux/4.4.7]
  ignore line: [Found candidate GCC installation: /usr/lib/gcc/x86_64-redhat-linux/4.8.2]
  ignore line: [Found candidate GCC installation: /usr/lib/gcc/x86_64-redhat-linux/4.8.5]
  ignore line: [Found candidate GCC installation: /usr/lib/gcc/x86_64-redhat-linux/6.1.0]
  ignore line: [Selected GCC installation: /opt/rh/devtoolset-10/root/usr/lib/gcc/x86_64-redhat-linux/10]
  ignore line: [Candidate multilib: .]
  ignore line: [@m64]
  ignore line: [Candidate multilib: 32]
  ignore line: [@m32]
  ignore line: [Selected multilib: .]
  ignore line: [@m64]
  ignore line: [Found CUDA installation: /usr/local/cuda-11.4  version 11.0]
  link line: [ "/usr/local/bin/ld.lld" --hash-style=gnu --eh-frame-hdr -m elf_x86_64 -dynamic-linker /lib64/ld-linux-x86-64.so.2 -o cmTC_8eddf /lib/../lib64/crt1.o /lib/../lib64/crti.o /usr/local/lib/clang/12.0.1/lib/linux/clang_rt.crtbegin-x86_64.o -L/opt/rh/devtoolset-10/root/usr/lib/gcc/x86_64-redhat-linux/10 -L/opt/rh/devtoolset-10/root/usr/lib/gcc/x86_64-redhat-linux/10/../../../../lib64 -L/usr/local/bin/../lib64 -L/lib/../lib64 -L/usr/lib/../lib64 -L/opt/rh/devtoolset-10/root/usr/lib/gcc/x86_64-redhat-linux/10/../../.. -L/usr/local/bin/../lib -L/lib -L/usr/lib CMakeFiles/cmTC_8eddf.dir/CMakeCCompilerABI.c.o /usr/local/lib/clang/12.0.1/lib/linux/libclang_rt.builtins-x86_64.a --as-needed -l:libunwind.so --no-as-needed -lc /usr/local/lib/clang/12.0.1/lib/linux/libclang_rt.builtins-x86_64.a --as-needed -l:libunwind.so --no-as-needed /usr/local/lib/clang/12.0.1/lib/linux/clang_rt.crtend-x86_64.o /lib/../lib64/crtn.o]
    arg [/usr/local/bin/ld.lld] ==> ignore
    arg [--hash-style=gnu] ==> ignore
    arg [--eh-frame-hdr] ==> ignore
    arg [-m] ==> ignore
    arg [elf_x86_64] ==> ignore
    arg [-dynamic-linker] ==> ignore
    arg [/lib64/ld-linux-x86-64.so.2] ==> ignore
    arg [-o] ==> ignore
    arg [cmTC_8eddf] ==> ignore
    arg [/lib/../lib64/crt1.o] ==> obj [/lib/../lib64/crt1.o]
    arg [/lib/../lib64/crti.o] ==> obj [/lib/../lib64/crti.o]
    arg [/usr/local/lib/clang/12.0.1/lib/linux/clang_rt.crtbegin-x86_64.o] ==> obj [/usr/local/lib/clang/12.0.1/lib/linux/clang_rt.crtbegin-x86_64.o]
    arg [-L/opt/rh/devtoolset-10/root/usr/lib/gcc/x86_64-redhat-linux/10] ==> dir [/opt/rh/devtoolset-10/root/usr/lib/gcc/x86_64-redhat-linux/10]
    arg [-L/opt/rh/devtoolset-10/root/usr/lib/gcc/x86_64-redhat-linux/10/../../../../lib64] ==> dir [/opt/rh/devtoolset-10/root/usr/lib/gcc/x86_64-redhat-linux/10/../../../../lib64]
    arg [-L/usr/local/bin/../lib64] ==> dir [/usr/local/bin/../lib64]
    arg [-L/lib/../lib64] ==> dir [/lib/../lib64]
    arg [-L/usr/lib/../lib64] ==> dir [/usr/lib/../lib64]
    arg [-L/opt/rh/devtoolset-10/root/usr/lib/gcc/x86_64-redhat-linux/10/../../..] ==> dir [/opt/rh/devtoolset-10/root/usr/lib/gcc/x86_64-redhat-linux/10/../../..]
    arg [-L/usr/local/bin/../lib] ==> dir [/usr/local/bin/../lib]
    arg [-L/lib] ==> dir [/lib]
    arg [-L/usr/lib] ==> dir [/usr/lib]
    arg [CMakeFiles/cmTC_8eddf.dir/CMakeCCompilerABI.c.o] ==> ignore
    arg [/usr/local/lib/clang/12.0.1/lib/linux/libclang_rt.builtins-x86_64.a] ==> lib [/usr/local/lib/clang/12.0.1/lib/linux/libclang_rt.builtins-x86_64.a]
    arg [--as-needed] ==> ignore
    arg [-l:libunwind.so] ==> lib [-l:libunwind.so]
    arg [--no-as-needed] ==> ignore
    arg [-lc] ==> lib [c]
    arg [/usr/local/lib/clang/12.0.1/lib/linux/libclang_rt.builtins-x86_64.a] ==> lib [/usr/local/lib/clang/12.0.1/lib/linux/libclang_rt.builtins-x86_64.a]
    arg [--as-needed] ==> ignore
    arg [-l:libunwind.so] ==> lib [-l:libunwind.so]
    arg [--no-as-needed] ==> ignore
    arg [/usr/local/lib/clang/12.0.1/lib/linux/clang_rt.crtend-x86_64.o] ==> obj [/usr/local/lib/clang/12.0.1/lib/linux/clang_rt.crtend-x86_64.o]
    arg [/lib/../lib64/crtn.o] ==> obj [/lib/../lib64/crtn.o]
  remove lib [/usr/local/lib/clang/12.0.1/lib/linux/libclang_rt.builtins-x86_64.a]
  remove lib [/usr/local/lib/clang/12.0.1/lib/linux/libclang_rt.builtins-x86_64.a]
  collapse obj [/lib/../lib64/crt1.o] ==> [/lib64/crt1.o]
  collapse obj [/lib/../lib64/crti.o] ==> [/lib64/crti.o]
  collapse obj [/lib/../lib64/crtn.o] ==> [/lib64/crtn.o]
  collapse library dir [/opt/rh/devtoolset-10/root/usr/lib/gcc/x86_64-redhat-linux/10] ==> [/opt/rh/devtoolset-10/root/usr/lib/gcc/x86_64-redhat-linux/10]
  collapse library dir [/opt/rh/devtoolset-10/root/usr/lib/gcc/x86_64-redhat-linux/10/../../../../lib64] ==> [/opt/rh/devtoolset-10/root/usr/lib64]
  collapse library dir [/usr/local/bin/../lib64] ==> [/usr/local/lib64]
  collapse library dir [/lib/../lib64] ==> [/lib64]
  collapse library dir [/usr/lib/../lib64] ==> [/usr/lib64]
  collapse library dir [/opt/rh/devtoolset-10/root/usr/lib/gcc/x86_64-redhat-linux/10/../../..] ==> [/opt/rh/devtoolset-10/root/usr/lib]
  collapse library dir [/usr/local/bin/../lib] ==> [/usr/local/lib]
  collapse library dir [/lib] ==> [/lib]
  collapse library dir [/usr/lib] ==> [/usr/lib]
  implicit libs: [-l:libunwind.so;c;-l:libunwind.so]
  implicit objs: [/lib64/crt1.o;/lib64/crti.o;/usr/local/lib/clang/12.0.1/lib/linux/clang_rt.crtbegin-x86_64.o;/usr/local/lib/clang/12.0.1/lib/linux/clang_rt.crtend-x86_64.o;/lib64/crtn.o]
  implicit dirs: [/opt/rh/devtoolset-10/root/usr/lib/gcc/x86_64-redhat-linux/10;/opt/rh/devtoolset-10/root/usr/lib64;/usr/local/lib64;/lib64;/usr/lib64;/opt/rh/devtoolset-10/root/usr/lib;/usr/local/lib;/lib;/usr/lib]
  implicit fwks: []


Detecting CXX compiler ABI info compiled with the following output:
Change Dir: /pvfsmnt/118010224/parallel_version_extend/build/CMakeFiles/CMakeTmp

Run Build Command(s):/usr/bin/gmake -f Makefile cmTC_f3ca5/fast && /usr/bin/gmake  -f CMakeFiles/cmTC_f3ca5.dir/build.make CMakeFiles/cmTC_f3ca5.dir/build
gmake[1]: Entering directory `/pvfsmnt/118010224/parallel_version_extend/build/CMakeFiles/CMakeTmp'
Building CXX object CMakeFiles/cmTC_f3ca5.dir/CMakeCXXCompilerABI.cpp.o
/usr/local/bin/clang++   -v -MD -MT CMakeFiles/cmTC_f3ca5.dir/CMakeCXXCompilerABI.cpp.o -MF CMakeFiles/cmTC_f3ca5.dir/CMakeCXXCompilerABI.cpp.o.d -o CMakeFiles/cmTC_f3ca5.dir/CMakeCXXCompilerABI.cpp.o -c /opt/cmake/share/cmake-3.21/Modules/CMakeCXXCompilerABI.cpp
clang version 12.0.1 (/llvm/llvm-project/clang fed41342a82f5a3a9201819a82bf7a48313e296b)
Target: x86_64-unknown-linux-gnu
Thread model: posix
InstalledDir: /usr/local/bin
Found candidate GCC installation: /opt/rh/devtoolset-10/root/usr/lib/gcc/x86_64-redhat-linux/10
Found candidate GCC installation: /usr/lib/gcc/x86_64-redhat-linux/4.4.7
Found candidate GCC installation: /usr/lib/gcc/x86_64-redhat-linux/4.8.2
Found candidate GCC installation: /usr/lib/gcc/x86_64-redhat-linux/4.8.5
Found candidate GCC installation: /usr/lib/gcc/x86_64-redhat-linux/6.1.0
Selected GCC installation: /opt/rh/devtoolset-10/root/usr/lib/gcc/x86_64-redhat-linux/10
Candidate multilib: .;@m64
Candidate multilib: 32;@m32
Selected multilib: .;@m64
Found CUDA installation: /usr/local/cuda-11.4, version 11.0
 (in-process)
 "/usr/local/bin/clang-12" -cc1 -triple x86_64-unknown-linux-gnu -emit-obj -mrelax-all --mrelax-relocations -disable-free -disable-llvm-verifier -discard-value-names -main-file-name CMakeCXXCompilerABI.cpp -mrelocation-model static -mframe-pointer=all -fmath-errno -fno-rounding-math -mconstructor-aliases -munwind-tables -target-cpu x86-64 -tune-cpu generic -fno-split-dwarf-inlining -debugger-tuning=gdb -v -resource-dir /usr/local/lib/clang/12.0.1 -dependency-file CMakeFiles/cmTC_f3ca5.dir/CMakeCXXCompilerABI.cpp.o.d -MT CMakeFiles/cmTC_f3ca5.dir/CMakeCXXCompilerABI.cpp.o -sys-header-deps -internal-isystem /usr/local/bin/../include/c++/v1 -internal-isystem /usr/local/include -internal-isystem /usr/local/lib/clang/12.0.1/include -internal-externc-isystem /include -internal-externc-isystem /usr/include -fdeprecated-macro -fdebug-compilation-dir /pvfsmnt/118010224/parallel_version_extend/build/CMakeFiles/CMakeTmp -ferror-limit 19 -fgnuc-version=4.2.1 -fcxx-exceptions -fexceptions -faddrsig -o CMakeFiles/cmTC_f3ca5.dir/CMakeCXXCompilerABI.cpp.o -x c++ /opt/cmake/share/cmake-3.21/Modules/CMakeCXXCompilerABI.cpp
clang -cc1 version 12.0.1 based upon LLVM 12.0.1 default target x86_64-unknown-linux-gnu
ignoring nonexistent directory "/include"
#include "..." search starts here:
#include <...> search starts here:
 /usr/local/bin/../include/c++/v1
 /usr/local/include
 /usr/local/lib/clang/12.0.1/include
 /usr/include
End of search list.
Linking CXX executable cmTC_f3ca5
/opt/cmake/bin/cmake -E cmake_link_script CMakeFiles/cmTC_f3ca5.dir/link.txt --verbose=1
/usr/local/bin/clang++  -v CMakeFiles/cmTC_f3ca5.dir/CMakeCXXCompilerABI.cpp.o -o cmTC_f3ca5 
clang version 12.0.1 (/llvm/llvm-project/clang fed41342a82f5a3a9201819a82bf7a48313e296b)
Target: x86_64-unknown-linux-gnu
Thread model: posix
InstalledDir: /usr/local/bin
Found candidate GCC installation: /opt/rh/devtoolset-10/root/usr/lib/gcc/x86_64-redhat-linux/10
Found candidate GCC installation: /usr/lib/gcc/x86_64-redhat-linux/4.4.7
Found candidate GCC installation: /usr/lib/gcc/x86_64-redhat-linux/4.8.2
Found candidate GCC installation: /usr/lib/gcc/x86_64-redhat-linux/4.8.5
Found candidate GCC installation: /usr/lib/gcc/x86_64-redhat-linux/6.1.0
Selected GCC installation: /opt/rh/devtoolset-10/root/usr/lib/gcc/x86_64-redhat-linux/10
Candidate multilib: .;@m64
Candidate multilib: 32;@m32
Selected multilib: .;@m64
Found CUDA installation: /usr/local/cuda-11.4, version 11.0
 "/usr/local/bin/ld.lld" --hash-style=gnu --eh-frame-hdr -m elf_x86_64 -dynamic-linker /lib64/ld-linux-x86-64.so.2 -o cmTC_f3ca5 /lib/../lib64/crt1.o /lib/../lib64/crti.o /usr/local/lib/clang/12.0.1/lib/linux/clang_rt.crtbegin-x86_64.o -L/opt/rh/devtoolset-10/root/usr/lib/gcc/x86_64-redhat-linux/10 -L/opt/rh/devtoolset-10/root/usr/lib/gcc/x86_64-redhat-linux/10/../../../../lib64 -L/usr/local/bin/../lib64 -L/lib/../lib64 -L/usr/lib/../lib64 -L/opt/rh/devtoolset-10/root/usr/lib/gcc/x86_64-redhat-linux/10/../../.. -L/usr/local/bin/../lib -L/lib -L/usr/lib CMakeFiles/cmTC_f3ca5.dir/CMakeCXXCompilerABI.cpp.o -lc++ -lm /usr/local/lib/clang/12.0.1/lib/linux/libclang_rt.builtins-x86_64.a -l:libunwind.so -lc /usr/local/lib/clang/12.0.1/lib/linux/libclang_rt.builtins-x86_64.a -l:libunwind.so /usr/local/lib/clang/12.0.1/lib/linux/clang_rt.crtend-x86_64.o /lib/../lib64/crtn.o
gmake[1]: Leaving directory `/pvfsmnt/118010224/parallel_version_extend/build/CMakeFiles/CMakeTmp'



Parsed CXX implicit include dir info from above output: rv=done
  found start of include info
  found start of implicit include info
    add: [/usr/local/bin/../include/c++/v1]
    add: [/usr/local/include]
    add: [/usr/local/lib/clang/12.0.1/include]
    add: [/usr/include]
  end of search list found
  collapse include dir [/usr/local/bin/../include/c++/v1] ==> [/usr/local/include/c++/v1]
  collapse include dir [/usr/local/include] ==> [/usr/local/include]
  collapse include dir [/usr/local/lib/clang/12.0.1/include] ==> [/usr/local/lib/clang/12.0.1/include]
  collapse include dir [/usr/include] ==> [/usr/include]
  implicit include dirs: [/usr/local/include/c++/v1;/usr/local/include;/usr/local/lib/clang/12.0.1/include;/usr/include]


Parsed CXX implicit link information from above output:
  link line regex: [^( *|.*[/\])(ld\.lld|CMAKE_LINK_STARTFILE-NOTFOUND|([^/\]+-)?ld|collect2)[^/\]*( |$)]
  ignore line: [Change Dir: /pvfsmnt/118010224/parallel_version_extend/build/CMakeFiles/CMakeTmp]
  ignore line: []
  ignore line: [Run Build Command(s):/usr/bin/gmake -f Makefile cmTC_f3ca5/fast && /usr/bin/gmake  -f CMakeFiles/cmTC_f3ca5.dir/build.make CMakeFiles/cmTC_f3ca5.dir/build]
  ignore line: [gmake[1]: Entering directory `/pvfsmnt/118010224/parallel_version_extend/build/CMakeFiles/CMakeTmp']
  ignore line: [Building CXX object CMakeFiles/cmTC_f3ca5.dir/CMakeCXXCompilerABI.cpp.o]
  ignore line: [/usr/local/bin/clang++   -v -MD -MT CMakeFiles/cmTC_f3ca5.dir/CMakeCXXCompilerABI.cpp.o -MF CMakeFiles/cmTC_f3ca5.dir/CMakeCXXCompilerABI.cpp.o.d -o CMakeFiles/cmTC_f3ca5.dir/CMakeCXXCompilerABI.cpp.o -c /opt/cmake/share/cmake-3.21/Modules/CMakeCXXCompilerABI.cpp]
  ignore line: [clang version 12.0.1 (/llvm/llvm-project/clang fed41342a82f5a3a9201819a82bf7a48313e296b)]
  ignore line: [Target: x86_64-unknown-linux-gnu]
  ignore line: [Thread model: posix]
  ignore line: [InstalledDir: /usr/local/bin]
  ignore line: [Found candidate GCC installation: /opt/rh/devtoolset-10/root/usr/lib/gcc/x86_64-redhat-linux/10]
  ignore line: [Found candidate GCC installation: /usr/lib/gcc/x86_64-redhat-linux/4.4.7]
  ignore line: [Found candidate GCC installation: /usr/lib/gcc/x86_64-redhat-linux/4.8.2]
  ignore line: [Found candidate GCC installation: /usr/lib/gcc/x86_64-redhat-linux/4.8.5]
  ignore line: [Found candidate GCC installation: /usr/lib/gcc/x86_64-redhat-linux/6.1.0]
  ignore line: [Selected GCC installation: /opt/rh/devtoolset-10/root/usr/lib/gcc/x86_64-redhat-linux/10]
  ignore line: [Candidate multilib: .]
  ignore line: [@m64]
  ignore line: [Candidate multilib: 32]
  ignore line: [@m32]
  ignore line: [Selected multilib: .]
  ignore line: [@m64]
  ignore line: [Found CUDA installation: /usr/local/cuda-11.4  version 11.0]
  ignore line: [ (in-process)]
  ignore line: [ "/usr/local/bin/clang-12" -cc1 -triple x86_64-unknown-linux-gnu -emit-obj -mrelax-all --mrelax-relocations -disable-free -disable-llvm-verifier -discard-value-names -main-file-name CMakeCXXCompilerABI.cpp -mrelocation-model static -mframe-pointer=all -fmath-errno -fno-rounding-math -mconstructor-aliases -munwind-tables -target-cpu x86-64 -tune-cpu generic -fno-split-dwarf-inlining -debugger-tuning=gdb -v -resource-dir /usr/local/lib/clang/12.0.1 -dependency-file CMakeFiles/cmTC_f3ca5.dir/CMakeCXXCompilerABI.cpp.o.d -MT CMakeFiles/cmTC_f3ca5.dir/CMakeCXXCompilerABI.cpp.o -sys-header-deps -internal-isystem /usr/local/bin/../include/c++/v1 -internal-isystem /usr/local/include -internal-isystem /usr/local/lib/clang/12.0.1/include -internal-externc-isystem /include -internal-externc-isystem /usr/include -fdeprecated-macro -fdebug-compilation-dir /pvfsmnt/118010224/parallel_version_extend/build/CMakeFiles/CMakeTmp -ferror-limit 19 -fgnuc-version=4.2.1 -fcxx-exceptions -fexceptions -faddrsig -o CMakeFiles/cmTC_f3ca5.dir/CMakeCXXCompilerABI.cpp.o -x c++ /opt/cmake/share/cmake-3.21/Modules/CMakeCXXCompilerABI.cpp]
  ignore line: [clang -cc1 version 12.0.1 based upon LLVM 12.0.1 default target x86_64-unknown-linux-gnu]
  ignore line: [ignoring nonexistent directory "/include"]
  ignore line: [#include "..." search starts here:]
  ignore line: [#include <...> search starts here:]
  ignore line: [ /usr/local/bin/../include/c++/v1]
  ignore line: [ /usr/local/include]
  ignore line: [ /usr/local/lib/clang/12.0.1/include]
  ignore line: [ /usr/include]
  ignore line: [End of search list.]
  ignore line: [Linking CXX executable cmTC_f3ca5]
  ignore line: [/opt/cmake/bin/cmake -E cmake_link_script CMakeFiles/cmTC_f3ca5.dir/link.txt --verbose=1]
  ignore line: [/usr/local/bin/clang++  -v CMakeFiles/cmTC_f3ca5.dir/CMakeCXXCompilerABI.cpp.o -o cmTC_f3ca5 ]
  ignore line: [clang version 12.0.1 (/llvm/llvm-project/clang fed41342a82f5a3a9201819a82bf7a48313e296b)]
  ignore line: [Target: x86_64-unknown-linux-gnu]
  ignore line: [Thread model: posix]
  ignore line: [InstalledDir: /usr/local/bin]
  ignore line: [Found candidate GCC installation: /opt/rh/devtoolset-10/root/usr/lib/gcc/x86_64-redhat-linux/10]
  ignore line: [Found candidate GCC installation: /usr/lib/gcc/x86_64-redhat-linux/4.4.7]
  ignore line: [Found candidate GCC installation: /usr/lib/gcc/x86_64-redhat-linux/4.8.2]
  ignore line: [Found candidate GCC installation: /usr/lib/gcc/x86_64-redhat-linux/4.8.5]
  ignore line: [Found candidate GCC installation: /usr/lib/gcc/x86_64-redhat-linux/6.1.0]
  ignore line: [Selected GCC installation: /opt/rh/devtoolset-10/root/usr/lib/gcc/x86_64-redhat-linux/10]
  ignore line: [Candidate multilib: .]
  ignore line: [@m64]
  ignore line: [Candidate multilib: 32]
  ignore line: [@m32]
  ignore line: [Selected multilib: .]
  ignore line: [@m64]
  ignore line: [Found CUDA installation: /usr/local/cuda-11.4  version 11.0]
  link line: [ "/usr/local/bin/ld.lld" --hash-style=gnu --eh-frame-hdr -m elf_x86_64 -dynamic-linker /lib64/ld-linux-x86-64.so.2 -o cmTC_f3ca5 /lib/../lib64/crt1.o /lib/../lib64/crti.o /usr/local/lib/clang/12.0.1/lib/linux/clang_rt.crtbegin-x86_64.o -L/opt/rh/devtoolset-10/root/usr/lib/gcc/x86_64-redhat-linux/10 -L/opt/rh/devtoolset-10/root/usr/lib/gcc/x86_64-redhat-linux/10/../../../../lib64 -L/usr/local/bin/../lib64 -L/lib/../lib64 -L/usr/lib/../lib64 -L/opt/rh/devtoolset-10/root/usr/lib/gcc/x86_64-redhat-linux/10/../../.. -L/usr/local/bin/../lib -L/lib -L/usr/lib CMakeFiles/cmTC_f3ca5.dir/CMakeCXXCompilerABI.cpp.o -lc++ -lm /usr/local/lib/clang/12.0.1/lib/linux/libclang_rt.builtins-x86_64.a -l:libunwind.so -lc /usr/local/lib/clang/12.0.1/lib/linux/libclang_rt.builtins-x86_64.a -l:libunwind.so /usr/local/lib/clang/12.0.1/lib/linux/clang_rt.crtend-x86_64.o /lib/../lib64/crtn.o]
    arg [/usr/local/bin/ld.lld] ==> ignore
    arg [--hash-style=gnu] ==> ignore
    arg [--eh-frame-hdr] ==> ignore
    arg [-m] ==> ignore
    arg [elf_x86_64] ==> ignore
    arg [-dynamic-linker] ==> ignore
    arg [/lib64/ld-linux-x86-64.so.2] ==> ignore
    arg [-o] ==> ignore
    arg [cmTC_f3ca5] ==> ignore
    arg [/lib/../lib64/crt1.o] ==> obj [/lib/../lib64/crt1.o]
    arg [/lib/../lib64/crti.o] ==> obj [/lib/../lib64/crti.o]
    arg [/usr/local/lib/clang/12.0.1/lib/linux/clang_rt.crtbegin-x86_64.o] ==> obj [/usr/local/lib/clang/12.0.1/lib/linux/clang_rt.crtbegin-x86_64.o]
    arg [-L/opt/rh/devtoolset-10/root/usr/lib/gcc/x86_64-redhat-linux/10] ==> dir [/opt/rh/devtoolset-10/root/usr/lib/gcc/x86_64-redhat-linux/10]
    arg [-L/opt/rh/devtoolset-10/root/usr/lib/gcc/x86_64-redhat-linux/10/../../../../lib64] ==> dir [/opt/rh/devtoolset-10/root/usr/lib/gcc/x86_64-redhat-linux/10/../../../../lib64]
    arg [-L/usr/local/bin/../lib64] ==> dir [/usr/local/bin/../lib64]
    arg [-L/lib/../lib64] ==> dir [/lib/../lib64]
    arg [-L/usr/lib/../lib64] ==> dir [/usr/lib/../lib64]
    arg [-L/opt/rh/devtoolset-10/root/usr/lib/gcc/x86_64-redhat-linux/10/../../..] ==> dir [/opt/rh/devtoolset-10/root/usr/lib/gcc/x86_64-redhat-linux/10/../../..]
    arg [-L/usr/local/bin/../lib] ==> dir [/usr/local/bin/../lib]
    arg [-L/lib] ==> dir [/lib]
    arg [-L/usr/lib] ==> dir [/usr/lib]
    arg [CMakeFiles/cmTC_f3ca5.dir/CMakeCXXCompilerABI.cpp.o] ==> ignore
    arg [-lc++] ==> lib [c++]
    arg [-lm] ==> lib [m]
    arg [/usr/local/lib/clang/12.0.1/lib/linux/libclang_rt.builtins-x86_64.a] ==> lib [/usr/local/lib/clang/12.0.1/lib/linux/libclang_rt.builtins-x86_64.a]
    arg [-l:libunwind.so] ==> lib [-l:libunwind.so]
    arg [-lc] ==> lib [c]
    arg [/usr/local/lib/clang/12.0.1/lib/linux/libclang_rt.builtins-x86_64.a] ==> lib [/usr/local/lib/clang/12.0.1/lib/linux/libclang_rt.builtins-x86_64.a]
    arg [-l:libunwind.so] ==> lib [-l:libunwind.so]
    arg [/usr/local/lib/clang/12.0.1/lib/linux/clang_rt.crtend-x86_64.o] ==> obj [/usr/local/lib/clang/12.0.1/lib/linux/clang_rt.crtend-x86_64.o]
    arg [/lib/../lib64/crtn.o] ==> obj [/lib/../lib64/crtn.o]
  remove lib [/usr/local/lib/clang/12.0.1/lib/linux/libclang_rt.builtins-x86_64.a]
  remove lib [/usr/local/lib/clang/12.0.1/lib/linux/libclang_rt.builtins-x86_64.a]
  collapse obj [/lib/../lib64/crt1.o] ==> [/lib64/crt1.o]
  collapse obj [/lib/../lib64/crti.o] ==> [/lib64/crti.o]
  collapse obj [/lib/../lib64/crtn.o] ==> [/lib64/crtn.o]
  collapse library dir [/opt/rh/devtoolset-10/root/usr/lib/gcc/x86_64-redhat-linux/10] ==> [/opt/rh/devtoolset-10/root/usr/lib/gcc/x86_64-redhat-linux/10]
  collapse library dir [/opt/rh/devtoolset-10/root/usr/lib/gcc/x86_64-redhat-linux/10/../../../../lib64] ==> [/opt/rh/devtoolset-10/root/usr/lib64]
  collapse library dir [/usr/local/bin/../lib64] ==> [/usr/local/lib64]
  collapse library dir [/lib/../lib64] ==> [/lib64]
  collapse library dir [/usr/lib/../lib64] ==> [/usr/lib64]
  collapse library dir [/opt/rh/devtoolset-10/root/usr/lib/gcc/x86_64-redhat-linux/10/../../..] ==> [/opt/rh/devtoolset-10/root/usr/lib]
  collapse library dir [/usr/local/bin/../lib] ==> [/usr/local/lib]
  collapse library dir [/lib] ==> [/lib]
  collapse library dir [/usr/lib] ==> [/usr/lib]
  implicit libs: [c++;m;-l:libunwind.so;c;-l:libunwind.so]
  implicit objs: [/lib64/crt1.o;/lib64/crti.o;/usr/local/lib/clang/12.0.1/lib/linux/clang_rt.crtbegin-x86_64.o;/usr/local/lib/clang/12.0.1/lib/linux/clang_rt.crtend-x86_64.o;/lib64/crtn.o]
  implicit dirs: [/opt/rh/devtoolset-10/root/usr/lib/gcc/x86_64-redhat-linux/10;/opt/rh/devtoolset-10/root/usr/lib64;/usr/local/lib64;/lib64;/usr/lib64;/opt/rh/devtoolset-10/root/usr/lib;/usr/local/lib;/lib;/usr/lib]
  implicit fwks: []


Determining if the include file pthread.h exists passed with the following output:
Change Dir: /pvfsmnt/118010224/parallel_version_extend/build/CMakeFiles/CMakeTmp

Run Build Command(s):/usr/bin/gmake -f Makefile cmTC_582cc/fast && /usr/bin/gmake  -f CMakeFiles/cmTC_582cc.dir/build.make CMakeFiles/cmTC_582cc.dir/build
gmake[1]: Entering directory `/pvfsmnt/118010224/parallel_version_extend/build/CMakeFiles/CMakeTmp'
Building C object CMakeFiles/cmTC_582cc.dir/CheckIncludeFile.c.o
/usr/local/bin/clang    -MD -MT CMakeFiles/cmTC_582cc.dir/CheckIncludeFile.c.o -MF CMakeFiles/cmTC_582cc.dir/CheckIncludeFile.c.o.d -o CMakeFiles/cmTC_582cc.dir/CheckIncludeFile.c.o -c /pvfsmnt/118010224/parallel_version_extend/build/CMakeFiles/CMakeTmp/CheckIncludeFile.c
Linking C executable cmTC_582cc
/opt/cmake/bin/cmake -E cmake_link_script CMakeFiles/cmTC_582cc.dir/link.txt --verbose=1
/usr/local/bin/clang CMakeFiles/cmTC_582cc.dir/CheckIncludeFile.c.o -o cmTC_582cc 
gmake[1]: Leaving directory `/pvfsmnt/118010224/parallel_version_extend/build/CMakeFiles/CMakeTmp'



Determining if the function pthread_create exists in the pthread passed with the following output:
Change Dir: /pvfsmnt/118010224/parallel_version_extend/build/CMakeFiles/CMakeTmp

Run Build Command(s):/usr/bin/gmake -f Makefile cmTC_6e7c1/fast && /usr/bin/gmake  -f CMakeFiles/cmTC_6e7c1.dir/build.make CMakeFiles/cmTC_6e7c1.dir/build
gmake[1]: Entering directory `/pvfsmnt/118010224/parallel_version_extend/build/CMakeFiles/CMakeTmp'
Building C object CMakeFiles/cmTC_6e7c1.dir/CheckFunctionExists.c.o
/usr/local/bin/clang   -DCHECK_FUNCTION_EXISTS=pthread_create -MD -MT CMakeFiles/cmTC_6e7c1.dir/CheckFunctionExists.c.o -MF CMakeFiles/cmTC_6e7c1.dir/CheckFunctionExists.c.o.d -o CMakeFiles/cmTC_6e7c1.dir/CheckFunctionExists.c.o -c /opt/cmake/share/cmake-3.21/Modules/CheckFunctionExists.c
Linking C executable cmTC_6e7c1
/opt/cmake/bin/cmake -E cmake_link_script CMakeFiles/cmTC_6e7c1.dir/link.txt --verbose=1
/usr/local/bin/clang  -DCHECK_FUNCTION_EXISTS=pthread_create CMakeFiles/cmTC_6e7c1.dir/CheckFunctionExists.c.o -o cmTC_6e7c1  -lpthread 
gmake[1]: Leaving directory `/pvfsmnt/118010224/parallel_version_extend/build/CMakeFiles/CMakeTmp'



