The system is: Linux - 3.10.0-1160.42.2.el7.x86_64 - x86_64
Checking whether the CUDA compiler is NVIDIA using "" matched "nvcc: NVIDIA \(R\) Cuda compiler driver":
nvcc: NVIDIA (R) Cuda compiler driver
Copyright (c) 2005-2021 NVIDIA Corporation
Built on Sun_Aug_15_21:14:11_PDT_2021
Cuda compilation tools, release 11.4, V11.4.120
Build cuda_11.4.r11.4/compiler.30300941_0
Compiling the CUDA compiler identification source file "CMakeCUDACompilerId.cu" succeeded.
Compiler: /usr/local/cuda-11/bin/nvcc 
Build flags: 
Id flags: --keep;--keep-dir;tmp -v

The output was:
0
#$ _NVVM_BRANCH_=nvvm
#$ _SPACE_= 
#$ _CUDART_=cudart
#$ _HERE_=/usr/local/cuda-11/bin
#$ _THERE_=/usr/local/cuda-11/bin
#$ _TARGET_SIZE_=
#$ _TARGET_DIR_=
#$ _TARGET_DIR_=targets/x86_64-linux
#$ TOP=/usr/local/cuda-11/bin/..
#$ NVVMIR_LIBRARY_DIR=/usr/local/cuda-11/bin/../nvvm/libdevice
#$ LD_LIBRARY_PATH=/usr/local/cuda-11/bin/../lib:/opt/rh/devtoolset-10/root/usr/lib64:/opt/rh/devtoolset-10/root/usr/lib:/opt/rh/devtoolset-10/root/usr/lib64/dyninst:/opt/rh/devtoolset-10/root/usr/lib/dyninst:/opt/rh/devtoolset-10/root/usr/lib64:/opt/rh/devtoolset-10/root/usr/lib
#$ PATH=/usr/local/cuda-11/bin/../nvvm/bin:/usr/local/cuda-11/bin:/opt/rh/devtoolset-10/root/usr/bin:/usr/java/jre1.8.0_151/bin:/usr/java/jre1.8.0_151/bin:/opt/soft/tsce4/maui/sbin:/opt/soft/tsce4/maui/bin:/opt/soft/tsce4/torque6/bin:/opt/soft/tsce4/torque6/sbin:/usr/local/bin:/usr/lib64/qt-3.3/bin:/home/118010224/perl5/bin:/usr/local/cuda-11/bin:/opt/VBoxGuestAdditions-6.1.26/bin:/opt/openmpi/bin:/opt/llvm/bin:/opt/knem-1.1.4.90mlnx1/bin:/opt/ibutils/bin:/opt/cmake/bin:/usr/local/bin:/usr/bin:/usr/local/sbin:/usr/sbin:.
#$ INCLUDES="-I/usr/local/cuda-11/bin/../targets/x86_64-linux/include"  
#$ LIBRARIES=  "-L/usr/local/cuda-11/bin/../targets/x86_64-linux/lib/stubs" "-L/usr/local/cuda-11/bin/../targets/x86_64-linux/lib"
#$ CUDAFE_FLAGS=
#$ PTXAS_FLAGS=
#$ rm tmp/a_dlink.reg.c
#$ gcc -D__CUDA_ARCH__=520 -E -x c++  -DCUDA_DOUBLE_MATH_FUNCTIONS -D__CUDACC__ -D__NVCC__  "-I/usr/local/cuda-11/bin/../targets/x86_64-linux/include"    -D__CUDACC_VER_MAJOR__=11 -D__CUDACC_VER_MINOR__=4 -D__CUDACC_VER_BUILD__=120 -D__CUDA_API_VER_MAJOR__=11 -D__CUDA_API_VER_MINOR__=4 -include "cuda_runtime.h" -m64 "CMakeCUDACompilerId.cu" -o "tmp/CMakeCUDACompilerId.cpp1.ii" 
#$ cicc --c++14 --gnu_version=100201 --orig_src_file_name "CMakeCUDACompilerId.cu" --allow_managed   -arch compute_52 -m64 --no-version-ident -ftz=0 -prec_div=1 -prec_sqrt=1 -fmad=1 --include_file_name "CMakeCUDACompilerId.fatbin.c" -tused --gen_module_id_file --module_id_file_name "tmp/CMakeCUDACompilerId.module_id" --gen_c_file_name "tmp/CMakeCUDACompilerId.cudafe1.c" --stub_file_name "tmp/CMakeCUDACompilerId.cudafe1.stub.c" --gen_device_file_name "tmp/CMakeCUDACompilerId.cudafe1.gpu"  "tmp/CMakeCUDACompilerId.cpp1.ii" -o "tmp/CMakeCUDACompilerId.ptx"
#$ ptxas -arch=sm_52 -m64  "tmp/CMakeCUDACompilerId.ptx"  -o "tmp/CMakeCUDACompilerId.sm_52.cubin" 
#$ fatbinary --create="tmp/CMakeCUDACompilerId.fatbin" -64 --cicc-cmdline="-ftz=0 -prec_div=1 -prec_sqrt=1 -fmad=1 " "--image3=kind=elf,sm=52,file=tmp/CMakeCUDACompilerId.sm_52.cubin" "--image3=kind=ptx,sm=52,file=tmp/CMakeCUDACompilerId.ptx" --embedded-fatbin="tmp/CMakeCUDACompilerId.fatbin.c" 
#$ gcc -E -x c++ -D__CUDACC__ -D__NVCC__  "-I/usr/local/cuda-11/bin/../targets/x86_64-linux/include"    -D__CUDACC_VER_MAJOR__=11 -D__CUDACC_VER_MINOR__=4 -D__CUDACC_VER_BUILD__=120 -D__CUDA_API_VER_MAJOR__=11 -D__CUDA_API_VER_MINOR__=4 -include "cuda_runtime.h" -m64 "CMakeCUDACompilerId.cu" -o "tmp/CMakeCUDACompilerId.cpp4.ii" 
#$ cudafe++ --c++14 --gnu_version=100201 --orig_src_file_name "CMakeCUDACompilerId.cu" --allow_managed  --m64 --parse_templates --gen_c_file_name "tmp/CMakeCUDACompilerId.cudafe1.cpp" --stub_file_name "CMakeCUDACompilerId.cudafe1.stub.c" --module_id_file_name "tmp/CMakeCUDACompilerId.module_id" "tmp/CMakeCUDACompilerId.cpp4.ii" 
#$ gcc -D__CUDA_ARCH__=520 -c -x c++  -DCUDA_DOUBLE_MATH_FUNCTIONS "-I/usr/local/cuda-11/bin/../targets/x86_64-linux/include"   -m64 "tmp/CMakeCUDACompilerId.cudafe1.cpp" -o "tmp/CMakeCUDACompilerId.o" 
#$ nvlink -m64 --arch=sm_52 --register-link-binaries="tmp/a_dlink.reg.c"    "-L/usr/local/cuda-11/bin/../targets/x86_64-linux/lib/stubs" "-L/usr/local/cuda-11/bin/../targets/x86_64-linux/lib" -cpu-arch=X86_64 "tmp/CMakeCUDACompilerId.o"  -lcudadevrt  -o "tmp/a_dlink.sm_52.cubin"
#$ fatbinary --create="tmp/a_dlink.fatbin" -64 --cicc-cmdline="-ftz=0 -prec_div=1 -prec_sqrt=1 -fmad=1 " -link "--image3=kind=elf,sm=52,file=tmp/a_dlink.sm_52.cubin" --embedded-fatbin="tmp/a_dlink.fatbin.c" 
#$ gcc -c -x c++ -DFATBINFILE="\"tmp/a_dlink.fatbin.c\"" -DREGISTERLINKBINARYFILE="\"tmp/a_dlink.reg.c\"" -I. -D__NV_EXTRA_INITIALIZATION= -D__NV_EXTRA_FINALIZATION= -D__CUDA_INCLUDE_COMPILER_INTERNAL_HEADERS__  "-I/usr/local/cuda-11/bin/../targets/x86_64-linux/include"    -D__CUDACC_VER_MAJOR__=11 -D__CUDACC_VER_MINOR__=4 -D__CUDACC_VER_BUILD__=120 -D__CUDA_API_VER_MAJOR__=11 -D__CUDA_API_VER_MINOR__=4 -m64 "/usr/local/cuda-11/bin/crt/link.stub" -o "tmp/a_dlink.o" 
#$ g++ -m64 -Wl,--start-group "tmp/a_dlink.o" "tmp/CMakeCUDACompilerId.o"   "-L/usr/local/cuda-11/bin/../targets/x86_64-linux/lib/stubs" "-L/usr/local/cuda-11/bin/../targets/x86_64-linux/lib"  -lcudadevrt  -lcudart_static  -lrt -lpthread  -ldl  -Wl,--end-group -o "a.out" 


Compilation of the CUDA compiler identification source "CMakeCUDACompilerId.cu" produced "a.out"

The CUDA compiler identification is NVIDIA, found in "/pvfsmnt/118010224/hw4/CUDA/build/CMakeFiles/3.21.2/CompilerIdCUDA/a.out"

Parsed CUDA nvcc implicit link information from above output:
  found 'PATH=' string: [/usr/local/cuda-11/bin/../nvvm/bin:/usr/local/cuda-11/bin:/opt/rh/devtoolset-10/root/usr/bin:/usr/java/jre1.8.0_151/bin:/usr/java/jre1.8.0_151/bin:/opt/soft/tsce4/maui/sbin:/opt/soft/tsce4/maui/bin:/opt/soft/tsce4/torque6/bin:/opt/soft/tsce4/torque6/sbin:/usr/local/bin:/usr/lib64/qt-3.3/bin:/home/118010224/perl5/bin:/usr/local/cuda-11/bin:/opt/VBoxGuestAdditions-6.1.26/bin:/opt/openmpi/bin:/opt/llvm/bin:/opt/knem-1.1.4.90mlnx1/bin:/opt/ibutils/bin:/opt/cmake/bin:/usr/local/bin:/usr/bin:/usr/local/sbin:/usr/sbin:.]
  found 'LIBRARIES=' string: ["-L/usr/local/cuda-11/bin/../targets/x86_64-linux/lib/stubs" "-L/usr/local/cuda-11/bin/../targets/x86_64-linux/lib"]
  considering line: [#$ rm tmp/a_dlink.reg.c]
  considering line: [gcc -D__CUDA_ARCH__=520 -E -x c++  -DCUDA_DOUBLE_MATH_FUNCTIONS -D__CUDACC__ -D__NVCC__  "-I/usr/local/cuda-11/bin/../targets/x86_64-linux/include"    -D__CUDACC_VER_MAJOR__=11 -D__CUDACC_VER_MINOR__=4 -D__CUDACC_VER_BUILD__=120 -D__CUDA_API_VER_MAJOR__=11 -D__CUDA_API_VER_MINOR__=4 -include "cuda_runtime.h" -m64 "CMakeCUDACompilerId.cu" -o "tmp/CMakeCUDACompilerId.cpp1.ii" ]
  considering line: [cicc --c++14 --gnu_version=100201 --orig_src_file_name "CMakeCUDACompilerId.cu" --allow_managed   -arch compute_52 -m64 --no-version-ident -ftz=0 -prec_div=1 -prec_sqrt=1 -fmad=1 --include_file_name "CMakeCUDACompilerId.fatbin.c" -tused --gen_module_id_file --module_id_file_name "tmp/CMakeCUDACompilerId.module_id" --gen_c_file_name "tmp/CMakeCUDACompilerId.cudafe1.c" --stub_file_name "tmp/CMakeCUDACompilerId.cudafe1.stub.c" --gen_device_file_name "tmp/CMakeCUDACompilerId.cudafe1.gpu"  "tmp/CMakeCUDACompilerId.cpp1.ii" -o "tmp/CMakeCUDACompilerId.ptx"]
  considering line: [ptxas -arch=sm_52 -m64  "tmp/CMakeCUDACompilerId.ptx"  -o "tmp/CMakeCUDACompilerId.sm_52.cubin" ]
  considering line: [fatbinary --create="tmp/CMakeCUDACompilerId.fatbin" -64 --cicc-cmdline="-ftz=0 -prec_div=1 -prec_sqrt=1 -fmad=1 " "--image3=kind=elf,sm=52,file=tmp/CMakeCUDACompilerId.sm_52.cubin" "--image3=kind=ptx,sm=52,file=tmp/CMakeCUDACompilerId.ptx" --embedded-fatbin="tmp/CMakeCUDACompilerId.fatbin.c" ]
  considering line: [gcc -E -x c++ -D__CUDACC__ -D__NVCC__  "-I/usr/local/cuda-11/bin/../targets/x86_64-linux/include"    -D__CUDACC_VER_MAJOR__=11 -D__CUDACC_VER_MINOR__=4 -D__CUDACC_VER_BUILD__=120 -D__CUDA_API_VER_MAJOR__=11 -D__CUDA_API_VER_MINOR__=4 -include "cuda_runtime.h" -m64 "CMakeCUDACompilerId.cu" -o "tmp/CMakeCUDACompilerId.cpp4.ii" ]
  considering line: [cudafe++ --c++14 --gnu_version=100201 --orig_src_file_name "CMakeCUDACompilerId.cu" --allow_managed  --m64 --parse_templates --gen_c_file_name "tmp/CMakeCUDACompilerId.cudafe1.cpp" --stub_file_name "CMakeCUDACompilerId.cudafe1.stub.c" --module_id_file_name "tmp/CMakeCUDACompilerId.module_id" "tmp/CMakeCUDACompilerId.cpp4.ii" ]
  considering line: [gcc -D__CUDA_ARCH__=520 -c -x c++  -DCUDA_DOUBLE_MATH_FUNCTIONS "-I/usr/local/cuda-11/bin/../targets/x86_64-linux/include"   -m64 "tmp/CMakeCUDACompilerId.cudafe1.cpp" -o "tmp/CMakeCUDACompilerId.o" ]
  considering line: [nvlink -m64 --arch=sm_52 --register-link-binaries="tmp/a_dlink.reg.c"    "-L/usr/local/cuda-11/bin/../targets/x86_64-linux/lib/stubs" "-L/usr/local/cuda-11/bin/../targets/x86_64-linux/lib" -cpu-arch=X86_64 "tmp/CMakeCUDACompilerId.o"  -lcudadevrt  -o "tmp/a_dlink.sm_52.cubin"]
    ignoring nvlink line
  considering line: [fatbinary --create="tmp/a_dlink.fatbin" -64 --cicc-cmdline="-ftz=0 -prec_div=1 -prec_sqrt=1 -fmad=1 " -link "--image3=kind=elf,sm=52,file=tmp/a_dlink.sm_52.cubin" --embedded-fatbin="tmp/a_dlink.fatbin.c" ]
  considering line: [gcc -c -x c++ -DFATBINFILE="\"tmp/a_dlink.fatbin.c\"" -DREGISTERLINKBINARYFILE="\"tmp/a_dlink.reg.c\"" -I. -D__NV_EXTRA_INITIALIZATION= -D__NV_EXTRA_FINALIZATION= -D__CUDA_INCLUDE_COMPILER_INTERNAL_HEADERS__  "-I/usr/local/cuda-11/bin/../targets/x86_64-linux/include"    -D__CUDACC_VER_MAJOR__=11 -D__CUDACC_VER_MINOR__=4 -D__CUDACC_VER_BUILD__=120 -D__CUDA_API_VER_MAJOR__=11 -D__CUDA_API_VER_MINOR__=4 -m64 "/usr/local/cuda-11/bin/crt/link.stub" -o "tmp/a_dlink.o" ]
  considering line: [g++ -m64 -Wl,--start-group "tmp/a_dlink.o" "tmp/CMakeCUDACompilerId.o"   "-L/usr/local/cuda-11/bin/../targets/x86_64-linux/lib/stubs" "-L/usr/local/cuda-11/bin/../targets/x86_64-linux/lib"  -lcudadevrt  -lcudart_static  -lrt -lpthread  -ldl  -Wl,--end-group -o "a.out" ]
    extracted link line: [g++ -m64 -Wl,--start-group "tmp/a_dlink.o" "tmp/CMakeCUDACompilerId.o"   "-L/usr/local/cuda-11/bin/../targets/x86_64-linux/lib/stubs" "-L/usr/local/cuda-11/bin/../targets/x86_64-linux/lib"  -lcudadevrt  -lcudart_static  -lrt -lpthread  -ldl  -Wl,--end-group -o "a.out" ]
  considering line: []
  extracted link launcher name: [g++]
  found link launcher absolute path: [/opt/rh/devtoolset-10/root/usr/bin/g++]

  link line regex: [^( *|.*[/\])(ld|CMAKE_LINK_STARTFILE-NOTFOUND|([^/\]+-)?ld|collect2)[^/\]*( |$)]
  link line: [cuda-fake-ld g++ -m64 -Wl,--start-group "tmp/a_dlink.o" "tmp/CMakeCUDACompilerId.o"   "-L/usr/local/cuda-11/bin/../targets/x86_64-linux/lib/stubs" "-L/usr/local/cuda-11/bin/../targets/x86_64-linux/lib"  -lcudadevrt  -lcudart_static  -lrt -lpthread  -ldl  -Wl,--end-group -o "a.out" ]
    arg [cuda-fake-ld] ==> ignore
    arg [g++] ==> ignore
    arg [-m64] ==> ignore
    arg [-Wl,--start-group] ==> ignore
    arg [tmp/a_dlink.o] ==> ignore
    arg [tmp/CMakeCUDACompilerId.o] ==> ignore
    arg [-L/usr/local/cuda-11/bin/../targets/x86_64-linux/lib/stubs] ==> dir [/usr/local/cuda-11/bin/../targets/x86_64-linux/lib/stubs]
    arg [-L/usr/local/cuda-11/bin/../targets/x86_64-linux/lib] ==> dir [/usr/local/cuda-11/bin/../targets/x86_64-linux/lib]
    arg [-lcudadevrt] ==> lib [cudadevrt]
    arg [-lcudart_static] ==> lib [cudart_static]
    arg [-lrt] ==> lib [rt]
    arg [-lpthread] ==> lib [pthread]
    arg [-ldl] ==> lib [dl]
    arg [-Wl,--end-group] ==> ignore
    arg [-o] ==> ignore
    arg [a.out] ==> ignore
  collapse library dir [/usr/local/cuda-11/bin/../targets/x86_64-linux/lib/stubs] ==> [/usr/local/cuda-11/targets/x86_64-linux/lib/stubs]
  collapse library dir [/usr/local/cuda-11/bin/../targets/x86_64-linux/lib] ==> [/usr/local/cuda-11/targets/x86_64-linux/lib]
  implicit libs: [cudadevrt;cudart_static;rt;pthread;dl]
  implicit objs: []
  implicit dirs: [/usr/local/cuda-11/targets/x86_64-linux/lib/stubs;/usr/local/cuda-11/targets/x86_64-linux/lib]
  implicit fwks: []


Parsed CUDA nvcc include information from above output:
  found 'PATH=' string: [/usr/local/cuda-11/bin/../nvvm/bin:/usr/local/cuda-11/bin:/opt/rh/devtoolset-10/root/usr/bin:/usr/java/jre1.8.0_151/bin:/usr/java/jre1.8.0_151/bin:/opt/soft/tsce4/maui/sbin:/opt/soft/tsce4/maui/bin:/opt/soft/tsce4/torque6/bin:/opt/soft/tsce4/torque6/sbin:/usr/local/bin:/usr/lib64/qt-3.3/bin:/home/118010224/perl5/bin:/usr/local/cuda-11/bin:/opt/VBoxGuestAdditions-6.1.26/bin:/opt/openmpi/bin:/opt/llvm/bin:/opt/knem-1.1.4.90mlnx1/bin:/opt/ibutils/bin:/opt/cmake/bin:/usr/local/bin:/usr/bin:/usr/local/sbin:/usr/sbin:.]
  found 'LIBRARIES=' string: ["-L/usr/local/cuda-11/bin/../targets/x86_64-linux/lib/stubs" "-L/usr/local/cuda-11/bin/../targets/x86_64-linux/lib"]
  considering line: [#$ rm tmp/a_dlink.reg.c]
  considering line: [gcc -D__CUDA_ARCH__=520 -E -x c++  -DCUDA_DOUBLE_MATH_FUNCTIONS -D__CUDACC__ -D__NVCC__  "-I/usr/local/cuda-11/bin/../targets/x86_64-linux/include"    -D__CUDACC_VER_MAJOR__=11 -D__CUDACC_VER_MINOR__=4 -D__CUDACC_VER_BUILD__=120 -D__CUDA_API_VER_MAJOR__=11 -D__CUDA_API_VER_MINOR__=4 -include "cuda_runtime.h" -m64 "CMakeCUDACompilerId.cu" -o "tmp/CMakeCUDACompilerId.cpp1.ii" ]
  considering line: [cicc --c++14 --gnu_version=100201 --orig_src_file_name "CMakeCUDACompilerId.cu" --allow_managed   -arch compute_52 -m64 --no-version-ident -ftz=0 -prec_div=1 -prec_sqrt=1 -fmad=1 --include_file_name "CMakeCUDACompilerId.fatbin.c" -tused --gen_module_id_file --module_id_file_name "tmp/CMakeCUDACompilerId.module_id" --gen_c_file_name "tmp/CMakeCUDACompilerId.cudafe1.c" --stub_file_name "tmp/CMakeCUDACompilerId.cudafe1.stub.c" --gen_device_file_name "tmp/CMakeCUDACompilerId.cudafe1.gpu"  "tmp/CMakeCUDACompilerId.cpp1.ii" -o "tmp/CMakeCUDACompilerId.ptx"]
  considering line: [ptxas -arch=sm_52 -m64  "tmp/CMakeCUDACompilerId.ptx"  -o "tmp/CMakeCUDACompilerId.sm_52.cubin" ]
  considering line: [fatbinary --create="tmp/CMakeCUDACompilerId.fatbin" -64 --cicc-cmdline="-ftz=0 -prec_div=1 -prec_sqrt=1 -fmad=1 " "--image3=kind=elf,sm=52,file=tmp/CMakeCUDACompilerId.sm_52.cubin" "--image3=kind=ptx,sm=52,file=tmp/CMakeCUDACompilerId.ptx" --embedded-fatbin="tmp/CMakeCUDACompilerId.fatbin.c" ]
  considering line: [gcc -E -x c++ -D__CUDACC__ -D__NVCC__  "-I/usr/local/cuda-11/bin/../targets/x86_64-linux/include"    -D__CUDACC_VER_MAJOR__=11 -D__CUDACC_VER_MINOR__=4 -D__CUDACC_VER_BUILD__=120 -D__CUDA_API_VER_MAJOR__=11 -D__CUDA_API_VER_MINOR__=4 -include "cuda_runtime.h" -m64 "CMakeCUDACompilerId.cu" -o "tmp/CMakeCUDACompilerId.cpp4.ii" ]
  considering line: [cudafe++ --c++14 --gnu_version=100201 --orig_src_file_name "CMakeCUDACompilerId.cu" --allow_managed  --m64 --parse_templates --gen_c_file_name "tmp/CMakeCUDACompilerId.cudafe1.cpp" --stub_file_name "CMakeCUDACompilerId.cudafe1.stub.c" --module_id_file_name "tmp/CMakeCUDACompilerId.module_id" "tmp/CMakeCUDACompilerId.cpp4.ii" ]
  considering line: [gcc -D__CUDA_ARCH__=520 -c -x c++  -DCUDA_DOUBLE_MATH_FUNCTIONS "-I/usr/local/cuda-11/bin/../targets/x86_64-linux/include"   -m64 "tmp/CMakeCUDACompilerId.cudafe1.cpp" -o "tmp/CMakeCUDACompilerId.o" ]
  considering line: [nvlink -m64 --arch=sm_52 --register-link-binaries="tmp/a_dlink.reg.c"    "-L/usr/local/cuda-11/bin/../targets/x86_64-linux/lib/stubs" "-L/usr/local/cuda-11/bin/../targets/x86_64-linux/lib" -cpu-arch=X86_64 "tmp/CMakeCUDACompilerId.o"  -lcudadevrt  -o "tmp/a_dlink.sm_52.cubin"]
    ignoring nvlink line
  considering line: [fatbinary --create="tmp/a_dlink.fatbin" -64 --cicc-cmdline="-ftz=0 -prec_div=1 -prec_sqrt=1 -fmad=1 " -link "--image3=kind=elf,sm=52,file=tmp/a_dlink.sm_52.cubin" --embedded-fatbin="tmp/a_dlink.fatbin.c" ]
  considering line: [gcc -c -x c++ -DFATBINFILE="\"tmp/a_dlink.fatbin.c\"" -DREGISTERLINKBINARYFILE="\"tmp/a_dlink.reg.c\"" -I. -D__NV_EXTRA_INITIALIZATION= -D__NV_EXTRA_FINALIZATION= -D__CUDA_INCLUDE_COMPILER_INTERNAL_HEADERS__  "-I/usr/local/cuda-11/bin/../targets/x86_64-linux/include"    -D__CUDACC_VER_MAJOR__=11 -D__CUDACC_VER_MINOR__=4 -D__CUDACC_VER_BUILD__=120 -D__CUDA_API_VER_MAJOR__=11 -D__CUDA_API_VER_MINOR__=4 -m64 "/usr/local/cuda-11/bin/crt/link.stub" -o "tmp/a_dlink.o" ]
  considering line: [g++ -m64 -Wl,--start-group "tmp/a_dlink.o" "tmp/CMakeCUDACompilerId.o"   "-L/usr/local/cuda-11/bin/../targets/x86_64-linux/lib/stubs" "-L/usr/local/cuda-11/bin/../targets/x86_64-linux/lib"  -lcudadevrt  -lcudart_static  -lrt -lpthread  -ldl  -Wl,--end-group -o "a.out" ]
    extracted link line: [g++ -m64 -Wl,--start-group "tmp/a_dlink.o" "tmp/CMakeCUDACompilerId.o"   "-L/usr/local/cuda-11/bin/../targets/x86_64-linux/lib/stubs" "-L/usr/local/cuda-11/bin/../targets/x86_64-linux/lib"  -lcudadevrt  -lcudart_static  -lrt -lpthread  -ldl  -Wl,--end-group -o "a.out" ]
  considering line: []
  extracted link launcher name: [g++]
  found link launcher absolute path: [/opt/rh/devtoolset-10/root/usr/bin/g++]
  found 'INCLUDES=' string: ["-I/usr/local/cuda-11/bin/../targets/x86_64-linux/include"  ]

  link line regex: [^( *|.*[/\])(ld|CMAKE_LINK_STARTFILE-NOTFOUND|([^/\]+-)?ld|collect2)[^/\]*( |$)]
  link line: [cuda-fake-ld g++ -m64 -Wl,--start-group "tmp/a_dlink.o" "tmp/CMakeCUDACompilerId.o"   "-L/usr/local/cuda-11/bin/../targets/x86_64-linux/lib/stubs" "-L/usr/local/cuda-11/bin/../targets/x86_64-linux/lib"  -lcudadevrt  -lcudart_static  -lrt -lpthread  -ldl  -Wl,--end-group -o "a.out" ]
    arg [cuda-fake-ld] ==> ignore
    arg [g++] ==> ignore
    arg [-m64] ==> ignore
    arg [-Wl,--start-group] ==> ignore
    arg [tmp/a_dlink.o] ==> ignore
    arg [tmp/CMakeCUDACompilerId.o] ==> ignore
    arg [-L/usr/local/cuda-11/bin/../targets/x86_64-linux/lib/stubs] ==> dir [/usr/local/cuda-11/bin/../targets/x86_64-linux/lib/stubs]
    arg [-L/usr/local/cuda-11/bin/../targets/x86_64-linux/lib] ==> dir [/usr/local/cuda-11/bin/../targets/x86_64-linux/lib]
    arg [-lcudadevrt] ==> lib [cudadevrt]
    arg [-lcudart_static] ==> lib [cudart_static]
    arg [-lrt] ==> lib [rt]
    arg [-lpthread] ==> lib [pthread]
    arg [-ldl] ==> lib [dl]
    arg [-Wl,--end-group] ==> ignore
    arg [-o] ==> ignore
    arg [a.out] ==> ignore
  collapse library dir [/usr/local/cuda-11/bin/../targets/x86_64-linux/lib/stubs] ==> [/usr/local/cuda-11/targets/x86_64-linux/lib/stubs]
  collapse library dir [/usr/local/cuda-11/bin/../targets/x86_64-linux/lib] ==> [/usr/local/cuda-11/targets/x86_64-linux/lib]
  implicit libs: [cudadevrt;cudart_static;rt;pthread;dl]
  implicit objs: []
  implicit dirs: [/usr/local/cuda-11/targets/x86_64-linux/lib/stubs;/usr/local/cuda-11/targets/x86_64-linux/lib]
  implicit fwks: []


Compiling the CXX compiler identification source file "CMakeCXXCompilerId.cpp" succeeded.
Compiler: /opt/rh/devtoolset-10/root/usr/bin/g++ 
Build flags: 
Id flags:  

The output was:
0


Compilation of the CXX compiler identification source "CMakeCXXCompilerId.cpp" produced "a.out"

The CXX compiler identification is GNU, found in "/pvfsmnt/118010224/hw4/CUDA/build/CMakeFiles/3.21.2/CompilerIdCXX/a.out"

Detecting CUDA compiler ABI info compiled with the following output:
Change Dir: /pvfsmnt/118010224/hw4/CUDA/build/CMakeFiles/CMakeTmp

Run Build Command(s):/opt/rh/devtoolset-10/root/usr/bin/gmake -f Makefile cmTC_296aa/fast && /opt/rh/devtoolset-10/root/usr/bin/gmake  -f CMakeFiles/cmTC_296aa.dir/build.make CMakeFiles/cmTC_296aa.dir/build
gmake[1]: Entering directory '/pvfsmnt/118010224/hw4/CUDA/build/CMakeFiles/CMakeTmp'
Building CUDA object CMakeFiles/cmTC_296aa.dir/CMakeCUDACompilerABI.cu.o
/usr/local/cuda-11/bin/nvcc -forward-unknown-to-host-compiler   -Xcompiler=-v -MD -MT CMakeFiles/cmTC_296aa.dir/CMakeCUDACompilerABI.cu.o -MF CMakeFiles/cmTC_296aa.dir/CMakeCUDACompilerABI.cu.o.d -x cu -c /opt/cmake/share/cmake-3.21/Modules/CMakeCUDACompilerABI.cu -o CMakeFiles/cmTC_296aa.dir/CMakeCUDACompilerABI.cu.o
Using built-in specs.
COLLECT_GCC=gcc
Target: x86_64-redhat-linux
Configured with: ../configure --enable-bootstrap --enable-languages=c,c++,fortran,lto --prefix=/opt/rh/devtoolset-10/root/usr --mandir=/opt/rh/devtoolset-10/root/usr/share/man --infodir=/opt/rh/devtoolset-10/root/usr/share/info --with-bugurl=http://bugzilla.redhat.com/bugzilla --enable-shared --enable-threads=posix --enable-checking=release --enable-multilib --with-system-zlib --enable-__cxa_atexit --disable-libunwind-exceptions --enable-gnu-unique-object --enable-linker-build-id --with-gcc-major-version-only --with-linker-hash-style=gnu --with-default-libstdcxx-abi=gcc4-compatible --enable-plugin --enable-initfini-array --with-isl=/builddir/build/BUILD/gcc-10.2.1-20210130/obj-x86_64-redhat-linux/isl-install --disable-libmpx --enable-gnu-indirect-function --with-tune=generic --with-arch_32=x86-64 --build=x86_64-redhat-linux
Thread model: posix
Supported LTO compression algorithms: zlib
gcc version 10.2.1 20210130 (Red Hat 10.2.1-11) (GCC) 
COLLECT_GCC_OPTIONS='-D' '__CUDA_ARCH__=520' '-E' '-D' 'CUDA_DOUBLE_MATH_FUNCTIONS' '-D' '__CUDACC__' '-D' '__NVCC__' '-v' '-I' '/usr/local/cuda-11/bin/../targets/x86_64-linux/include' '-D' '__CUDACC_VER_MAJOR__=11' '-D' '__CUDACC_VER_MINOR__=4' '-D' '__CUDACC_VER_BUILD__=120' '-D' '__CUDA_API_VER_MAJOR__=11' '-D' '__CUDA_API_VER_MINOR__=4' '-include' 'cuda_runtime.h' '-m64' '-o' '/tmp/tmpxft_00005599_00000000-7_CMakeCUDACompilerABI.cpp1.ii' '-mtune=generic' '-march=x86-64'
 /opt/rh/devtoolset-10/root/usr/libexec/gcc/x86_64-redhat-linux/10/cc1plus -E -quiet -v -I /usr/local/cuda-11/bin/../targets/x86_64-linux/include -D_GNU_SOURCE -D __CUDA_ARCH__=520 -D CUDA_DOUBLE_MATH_FUNCTIONS -D __CUDACC__ -D __NVCC__ -D __CUDACC_VER_MAJOR__=11 -D __CUDACC_VER_MINOR__=4 -D __CUDACC_VER_BUILD__=120 -D __CUDA_API_VER_MAJOR__=11 -D __CUDA_API_VER_MINOR__=4 -include cuda_runtime.h /opt/cmake/share/cmake-3.21/Modules/CMakeCUDACompilerABI.cu -o /tmp/tmpxft_00005599_00000000-7_CMakeCUDACompilerABI.cpp1.ii -m64 -mtune=generic -march=x86-64
ignoring nonexistent directory "/opt/rh/devtoolset-10/root/usr/lib/gcc/x86_64-redhat-linux/10/include-fixed"
ignoring nonexistent directory "/opt/rh/devtoolset-10/root/usr/lib/gcc/x86_64-redhat-linux/10/../../../../x86_64-redhat-linux/include"
#include "..." search starts here:
#include <...> search starts here:
 /usr/local/cuda-11/bin/../targets/x86_64-linux/include
 /opt/rh/devtoolset-10/root/usr/lib/gcc/x86_64-redhat-linux/10/../../../../include/c++/10
 /opt/rh/devtoolset-10/root/usr/lib/gcc/x86_64-redhat-linux/10/../../../../include/c++/10/x86_64-redhat-linux
 /opt/rh/devtoolset-10/root/usr/lib/gcc/x86_64-redhat-linux/10/../../../../include/c++/10/backward
 /opt/rh/devtoolset-10/root/usr/lib/gcc/x86_64-redhat-linux/10/include
 /usr/local/include
 /opt/rh/devtoolset-10/root/usr/include
 /usr/include
End of search list.
COMPILER_PATH=/opt/rh/devtoolset-10/root/usr/libexec/gcc/x86_64-redhat-linux/10/:/opt/rh/devtoolset-10/root/usr/libexec/gcc/x86_64-redhat-linux/10/:/opt/rh/devtoolset-10/root/usr/libexec/gcc/x86_64-redhat-linux/:/opt/rh/devtoolset-10/root/usr/lib/gcc/x86_64-redhat-linux/10/:/opt/rh/devtoolset-10/root/usr/lib/gcc/x86_64-redhat-linux/
LIBRARY_PATH=/opt/rh/devtoolset-10/root/usr/lib/gcc/x86_64-redhat-linux/10/:/opt/rh/devtoolset-10/root/usr/lib/gcc/x86_64-redhat-linux/10/../../../../lib64/:/lib/../lib64/:/usr/lib/../lib64/:/opt/rh/devtoolset-10/root/usr/lib/gcc/x86_64-redhat-linux/10/../../../:/lib/:/usr/lib/
COLLECT_GCC_OPTIONS='-D' '__CUDA_ARCH__=520' '-E' '-D' 'CUDA_DOUBLE_MATH_FUNCTIONS' '-D' '__CUDACC__' '-D' '__NVCC__' '-v' '-I' '/usr/local/cuda-11/bin/../targets/x86_64-linux/include' '-D' '__CUDACC_VER_MAJOR__=11' '-D' '__CUDACC_VER_MINOR__=4' '-D' '__CUDACC_VER_BUILD__=120' '-D' '__CUDA_API_VER_MAJOR__=11' '-D' '__CUDA_API_VER_MINOR__=4' '-include' 'cuda_runtime.h' '-m64' '-o' '/tmp/tmpxft_00005599_00000000-7_CMakeCUDACompilerABI.cpp1.ii' '-mtune=generic' '-march=x86-64'
Using built-in specs.
COLLECT_GCC=gcc
Target: x86_64-redhat-linux
Configured with: ../configure --enable-bootstrap --enable-languages=c,c++,fortran,lto --prefix=/opt/rh/devtoolset-10/root/usr --mandir=/opt/rh/devtoolset-10/root/usr/share/man --infodir=/opt/rh/devtoolset-10/root/usr/share/info --with-bugurl=http://bugzilla.redhat.com/bugzilla --enable-shared --enable-threads=posix --enable-checking=release --enable-multilib --with-system-zlib --enable-__cxa_atexit --disable-libunwind-exceptions --enable-gnu-unique-object --enable-linker-build-id --with-gcc-major-version-only --with-linker-hash-style=gnu --with-default-libstdcxx-abi=gcc4-compatible --enable-plugin --enable-initfini-array --with-isl=/builddir/build/BUILD/gcc-10.2.1-20210130/obj-x86_64-redhat-linux/isl-install --disable-libmpx --enable-gnu-indirect-function --with-tune=generic --with-arch_32=x86-64 --build=x86_64-redhat-linux
Thread model: posix
Supported LTO compression algorithms: zlib
gcc version 10.2.1 20210130 (Red Hat 10.2.1-11) (GCC) 
COLLECT_GCC_OPTIONS='-E' '-D' '__CUDACC__' '-D' '__NVCC__' '-v' '-I' '/usr/local/cuda-11/bin/../targets/x86_64-linux/include' '-D' '__CUDACC_VER_MAJOR__=11' '-D' '__CUDACC_VER_MINOR__=4' '-D' '__CUDACC_VER_BUILD__=120' '-D' '__CUDA_API_VER_MAJOR__=11' '-D' '__CUDA_API_VER_MINOR__=4' '-include' 'cuda_runtime.h' '-m64' '-o' '/tmp/tmpxft_00005599_00000000-5_CMakeCUDACompilerABI.cpp4.ii' '-mtune=generic' '-march=x86-64'
 /opt/rh/devtoolset-10/root/usr/libexec/gcc/x86_64-redhat-linux/10/cc1plus -E -quiet -v -I /usr/local/cuda-11/bin/../targets/x86_64-linux/include -D_GNU_SOURCE -D __CUDACC__ -D __NVCC__ -D __CUDACC_VER_MAJOR__=11 -D __CUDACC_VER_MINOR__=4 -D __CUDACC_VER_BUILD__=120 -D __CUDA_API_VER_MAJOR__=11 -D __CUDA_API_VER_MINOR__=4 -include cuda_runtime.h /opt/cmake/share/cmake-3.21/Modules/CMakeCUDACompilerABI.cu -o /tmp/tmpxft_00005599_00000000-5_CMakeCUDACompilerABI.cpp4.ii -m64 -mtune=generic -march=x86-64
ignoring nonexistent directory "/opt/rh/devtoolset-10/root/usr/lib/gcc/x86_64-redhat-linux/10/include-fixed"
ignoring nonexistent directory "/opt/rh/devtoolset-10/root/usr/lib/gcc/x86_64-redhat-linux/10/../../../../x86_64-redhat-linux/include"
#include "..." search starts here:
#include <...> search starts here:
 /usr/local/cuda-11/bin/../targets/x86_64-linux/include
 /opt/rh/devtoolset-10/root/usr/lib/gcc/x86_64-redhat-linux/10/../../../../include/c++/10
 /opt/rh/devtoolset-10/root/usr/lib/gcc/x86_64-redhat-linux/10/../../../../include/c++/10/x86_64-redhat-linux
 /opt/rh/devtoolset-10/root/usr/lib/gcc/x86_64-redhat-linux/10/../../../../include/c++/10/backward
 /opt/rh/devtoolset-10/root/usr/lib/gcc/x86_64-redhat-linux/10/include
 /usr/local/include
 /opt/rh/devtoolset-10/root/usr/include
 /usr/include
End of search list.
COMPILER_PATH=/opt/rh/devtoolset-10/root/usr/libexec/gcc/x86_64-redhat-linux/10/:/opt/rh/devtoolset-10/root/usr/libexec/gcc/x86_64-redhat-linux/10/:/opt/rh/devtoolset-10/root/usr/libexec/gcc/x86_64-redhat-linux/:/opt/rh/devtoolset-10/root/usr/lib/gcc/x86_64-redhat-linux/10/:/opt/rh/devtoolset-10/root/usr/lib/gcc/x86_64-redhat-linux/
LIBRARY_PATH=/opt/rh/devtoolset-10/root/usr/lib/gcc/x86_64-redhat-linux/10/:/opt/rh/devtoolset-10/root/usr/lib/gcc/x86_64-redhat-linux/10/../../../../lib64/:/lib/../lib64/:/usr/lib/../lib64/:/opt/rh/devtoolset-10/root/usr/lib/gcc/x86_64-redhat-linux/10/../../../:/lib/:/usr/lib/
COLLECT_GCC_OPTIONS='-E' '-D' '__CUDACC__' '-D' '__NVCC__' '-v' '-I' '/usr/local/cuda-11/bin/../targets/x86_64-linux/include' '-D' '__CUDACC_VER_MAJOR__=11' '-D' '__CUDACC_VER_MINOR__=4' '-D' '__CUDACC_VER_BUILD__=120' '-D' '__CUDA_API_VER_MAJOR__=11' '-D' '__CUDA_API_VER_MINOR__=4' '-include' 'cuda_runtime.h' '-m64' '-o' '/tmp/tmpxft_00005599_00000000-5_CMakeCUDACompilerABI.cpp4.ii' '-mtune=generic' '-march=x86-64'
Using built-in specs.
COLLECT_GCC=gcc
Target: x86_64-redhat-linux
Configured with: ../configure --enable-bootstrap --enable-languages=c,c++,fortran,lto --prefix=/opt/rh/devtoolset-10/root/usr --mandir=/opt/rh/devtoolset-10/root/usr/share/man --infodir=/opt/rh/devtoolset-10/root/usr/share/info --with-bugurl=http://bugzilla.redhat.com/bugzilla --enable-shared --enable-threads=posix --enable-checking=release --enable-multilib --with-system-zlib --enable-__cxa_atexit --disable-libunwind-exceptions --enable-gnu-unique-object --enable-linker-build-id --with-gcc-major-version-only --with-linker-hash-style=gnu --with-default-libstdcxx-abi=gcc4-compatible --enable-plugin --enable-initfini-array --with-isl=/builddir/build/BUILD/gcc-10.2.1-20210130/obj-x86_64-redhat-linux/isl-install --disable-libmpx --enable-gnu-indirect-function --with-tune=generic --with-arch_32=x86-64 --build=x86_64-redhat-linux
Thread model: posix
Supported LTO compression algorithms: zlib
gcc version 10.2.1 20210130 (Red Hat 10.2.1-11) (GCC) 
COLLECT_GCC_OPTIONS='-D' '__CUDA_ARCH__=520' '-c' '-D' 'CUDA_DOUBLE_MATH_FUNCTIONS' '-v' '-I' '/usr/local/cuda-11/bin/../targets/x86_64-linux/include' '-m64' '-o' 'CMakeFiles/cmTC_296aa.dir/CMakeCUDACompilerABI.cu.o' '-mtune=generic' '-march=x86-64'
 /opt/rh/devtoolset-10/root/usr/libexec/gcc/x86_64-redhat-linux/10/cc1plus -quiet -v -I /usr/local/cuda-11/bin/../targets/x86_64-linux/include -D_GNU_SOURCE -D __CUDA_ARCH__=520 -D CUDA_DOUBLE_MATH_FUNCTIONS /tmp/tmpxft_00005599_00000000-6_CMakeCUDACompilerABI.cudafe1.cpp -quiet -dumpbase tmpxft_00005599_00000000-6_CMakeCUDACompilerABI.cudafe1.cpp -m64 -mtune=generic -march=x86-64 -auxbase-strip CMakeFiles/cmTC_296aa.dir/CMakeCUDACompilerABI.cu.o -version -o /tmp/cc1K65g6.s
GNU C++14 (GCC) version 10.2.1 20210130 (Red Hat 10.2.1-11) (x86_64-redhat-linux)
	compiled by GNU C version 10.2.1 20210130 (Red Hat 10.2.1-11), GMP version 6.0.0, MPFR version 3.1.1, MPC version 1.0.1, isl version isl-0.16.1-GMP

GGC heuristics: --param ggc-min-expand=100 --param ggc-min-heapsize=131072
ignoring nonexistent directory "/opt/rh/devtoolset-10/root/usr/lib/gcc/x86_64-redhat-linux/10/include-fixed"
ignoring nonexistent directory "/opt/rh/devtoolset-10/root/usr/lib/gcc/x86_64-redhat-linux/10/../../../../x86_64-redhat-linux/include"
#include "..." search starts here:
#include <...> search starts here:
 /usr/local/cuda-11/bin/../targets/x86_64-linux/include
 /opt/rh/devtoolset-10/root/usr/lib/gcc/x86_64-redhat-linux/10/../../../../include/c++/10
 /opt/rh/devtoolset-10/root/usr/lib/gcc/x86_64-redhat-linux/10/../../../../include/c++/10/x86_64-redhat-linux
 /opt/rh/devtoolset-10/root/usr/lib/gcc/x86_64-redhat-linux/10/../../../../include/c++/10/backward
 /opt/rh/devtoolset-10/root/usr/lib/gcc/x86_64-redhat-linux/10/include
 /usr/local/include
 /opt/rh/devtoolset-10/root/usr/include
 /usr/include
End of search list.
GNU C++14 (GCC) version 10.2.1 20210130 (Red Hat 10.2.1-11) (x86_64-redhat-linux)
	compiled by GNU C version 10.2.1 20210130 (Red Hat 10.2.1-11), GMP version 6.0.0, MPFR version 3.1.1, MPC version 1.0.1, isl version isl-0.16.1-GMP

GGC heuristics: --param ggc-min-expand=100 --param ggc-min-heapsize=131072
Compiler executable checksum: 90aa9bafbbfcf857e3893d71aade2a62
COLLECT_GCC_OPTIONS='-D' '__CUDA_ARCH__=520' '-c' '-D' 'CUDA_DOUBLE_MATH_FUNCTIONS' '-v' '-I' '/usr/local/cuda-11/bin/../targets/x86_64-linux/include' '-m64' '-o' 'CMakeFiles/cmTC_296aa.dir/CMakeCUDACompilerABI.cu.o' '-mtune=generic' '-march=x86-64'
 /opt/rh/devtoolset-10/root/usr/libexec/gcc/x86_64-redhat-linux/10/as -v -I /usr/local/cuda-11/bin/../targets/x86_64-linux/include --64 -o CMakeFiles/cmTC_296aa.dir/CMakeCUDACompilerABI.cu.o /tmp/cc1K65g6.s
GNU assembler version 2.35 (x86_64-redhat-linux) using BFD version version 2.35-5.el7
COMPILER_PATH=/opt/rh/devtoolset-10/root/usr/libexec/gcc/x86_64-redhat-linux/10/:/opt/rh/devtoolset-10/root/usr/libexec/gcc/x86_64-redhat-linux/10/:/opt/rh/devtoolset-10/root/usr/libexec/gcc/x86_64-redhat-linux/:/opt/rh/devtoolset-10/root/usr/lib/gcc/x86_64-redhat-linux/10/:/opt/rh/devtoolset-10/root/usr/lib/gcc/x86_64-redhat-linux/
LIBRARY_PATH=/opt/rh/devtoolset-10/root/usr/lib/gcc/x86_64-redhat-linux/10/:/opt/rh/devtoolset-10/root/usr/lib/gcc/x86_64-redhat-linux/10/../../../../lib64/:/lib/../lib64/:/usr/lib/../lib64/:/opt/rh/devtoolset-10/root/usr/lib/gcc/x86_64-redhat-linux/10/../../../:/lib/:/usr/lib/
COLLECT_GCC_OPTIONS='-D' '__CUDA_ARCH__=520' '-c' '-D' 'CUDA_DOUBLE_MATH_FUNCTIONS' '-v' '-I' '/usr/local/cuda-11/bin/../targets/x86_64-linux/include' '-m64' '-o' 'CMakeFiles/cmTC_296aa.dir/CMakeCUDACompilerABI.cu.o' '-mtune=generic' '-march=x86-64'
Linking CUDA executable cmTC_296aa
/opt/cmake/bin/cmake -E cmake_link_script CMakeFiles/cmTC_296aa.dir/link.txt --verbose=1
/opt/rh/devtoolset-10/root/usr/bin/g++  -v CMakeFiles/cmTC_296aa.dir/CMakeCUDACompilerABI.cu.o -o cmTC_296aa  -lcudadevrt -lcudart_static -lrt -lpthread -ldl  -L"/usr/local/cuda-11/targets/x86_64-linux/lib/stubs" -L"/usr/local/cuda-11/targets/x86_64-linux/lib"
Using built-in specs.
COLLECT_GCC=/opt/rh/devtoolset-10/root/usr/bin/g++
COLLECT_LTO_WRAPPER=/opt/rh/devtoolset-10/root/usr/libexec/gcc/x86_64-redhat-linux/10/lto-wrapper
Target: x86_64-redhat-linux
Configured with: ../configure --enable-bootstrap --enable-languages=c,c++,fortran,lto --prefix=/opt/rh/devtoolset-10/root/usr --mandir=/opt/rh/devtoolset-10/root/usr/share/man --infodir=/opt/rh/devtoolset-10/root/usr/share/info --with-bugurl=http://bugzilla.redhat.com/bugzilla --enable-shared --enable-threads=posix --enable-checking=release --enable-multilib --with-system-zlib --enable-__cxa_atexit --disable-libunwind-exceptions --enable-gnu-unique-object --enable-linker-build-id --with-gcc-major-version-only --with-linker-hash-style=gnu --with-default-libstdcxx-abi=gcc4-compatible --enable-plugin --enable-initfini-array --with-isl=/builddir/build/BUILD/gcc-10.2.1-20210130/obj-x86_64-redhat-linux/isl-install --disable-libmpx --enable-gnu-indirect-function --with-tune=generic --with-arch_32=x86-64 --build=x86_64-redhat-linux
Thread model: posix
Supported LTO compression algorithms: zlib
gcc version 10.2.1 20210130 (Red Hat 10.2.1-11) (GCC) 
COMPILER_PATH=/opt/rh/devtoolset-10/root/usr/libexec/gcc/x86_64-redhat-linux/10/:/opt/rh/devtoolset-10/root/usr/libexec/gcc/x86_64-redhat-linux/10/:/opt/rh/devtoolset-10/root/usr/libexec/gcc/x86_64-redhat-linux/:/opt/rh/devtoolset-10/root/usr/lib/gcc/x86_64-redhat-linux/10/:/opt/rh/devtoolset-10/root/usr/lib/gcc/x86_64-redhat-linux/
LIBRARY_PATH=/opt/rh/devtoolset-10/root/usr/lib/gcc/x86_64-redhat-linux/10/:/opt/rh/devtoolset-10/root/usr/lib/gcc/x86_64-redhat-linux/10/../../../../lib64/:/lib/../lib64/:/usr/lib/../lib64/:/opt/rh/devtoolset-10/root/usr/lib/gcc/x86_64-redhat-linux/10/../../../:/lib/:/usr/lib/
COLLECT_GCC_OPTIONS='-v' '-o' 'cmTC_296aa' '-L/usr/local/cuda-11/targets/x86_64-linux/lib/stubs' '-L/usr/local/cuda-11/targets/x86_64-linux/lib' '-shared-libgcc' '-mtune=generic' '-march=x86-64'
 /opt/rh/devtoolset-10/root/usr/libexec/gcc/x86_64-redhat-linux/10/collect2 -plugin /opt/rh/devtoolset-10/root/usr/libexec/gcc/x86_64-redhat-linux/10/liblto_plugin.so -plugin-opt=/opt/rh/devtoolset-10/root/usr/libexec/gcc/x86_64-redhat-linux/10/lto-wrapper -plugin-opt=-fresolution=/tmp/ccvlrueI.res -plugin-opt=-pass-through=-lgcc_s -plugin-opt=-pass-through=-lgcc -plugin-opt=-pass-through=-lc -plugin-opt=-pass-through=-lgcc_s -plugin-opt=-pass-through=-lgcc --build-id --no-add-needed --eh-frame-hdr --hash-style=gnu -m elf_x86_64 -dynamic-linker /lib64/ld-linux-x86-64.so.2 -o cmTC_296aa /lib/../lib64/crt1.o /lib/../lib64/crti.o /opt/rh/devtoolset-10/root/usr/lib/gcc/x86_64-redhat-linux/10/crtbegin.o -L/usr/local/cuda-11/targets/x86_64-linux/lib/stubs -L/usr/local/cuda-11/targets/x86_64-linux/lib -L/opt/rh/devtoolset-10/root/usr/lib/gcc/x86_64-redhat-linux/10 -L/opt/rh/devtoolset-10/root/usr/lib/gcc/x86_64-redhat-linux/10/../../../../lib64 -L/lib/../lib64 -L/usr/lib/../lib64 -L/opt/rh/devtoolset-10/root/usr/lib/gcc/x86_64-redhat-linux/10/../../.. CMakeFiles/cmTC_296aa.dir/CMakeCUDACompilerABI.cu.o -lcudadevrt -lcudart_static -lrt -lpthread -ldl -lstdc++ -lm -lgcc_s -lgcc -lc -lgcc_s -lgcc /opt/rh/devtoolset-10/root/usr/lib/gcc/x86_64-redhat-linux/10/crtend.o /lib/../lib64/crtn.o
COLLECT_GCC_OPTIONS='-v' '-o' 'cmTC_296aa' '-L/usr/local/cuda-11/targets/x86_64-linux/lib/stubs' '-L/usr/local/cuda-11/targets/x86_64-linux/lib' '-shared-libgcc' '-mtune=generic' '-march=x86-64'
gmake[1]: Leaving directory '/pvfsmnt/118010224/hw4/CUDA/build/CMakeFiles/CMakeTmp'



Parsed CUDA implicit include dir info from above output: rv=done
  found start of include info
  found start of implicit include info
    add: [/usr/local/cuda-11/bin/../targets/x86_64-linux/include]
    add: [/opt/rh/devtoolset-10/root/usr/lib/gcc/x86_64-redhat-linux/10/../../../../include/c++/10]
    add: [/opt/rh/devtoolset-10/root/usr/lib/gcc/x86_64-redhat-linux/10/../../../../include/c++/10/x86_64-redhat-linux]
    add: [/opt/rh/devtoolset-10/root/usr/lib/gcc/x86_64-redhat-linux/10/../../../../include/c++/10/backward]
    add: [/opt/rh/devtoolset-10/root/usr/lib/gcc/x86_64-redhat-linux/10/include]
    add: [/usr/local/include]
    add: [/opt/rh/devtoolset-10/root/usr/include]
    add: [/usr/include]
  end of search list found
  collapse include dir [/usr/local/cuda-11/bin/../targets/x86_64-linux/include] ==> [/usr/local/cuda-11/targets/x86_64-linux/include]
  collapse include dir [/opt/rh/devtoolset-10/root/usr/lib/gcc/x86_64-redhat-linux/10/../../../../include/c++/10] ==> [/opt/rh/devtoolset-10/root/usr/include/c++/10]
  collapse include dir [/opt/rh/devtoolset-10/root/usr/lib/gcc/x86_64-redhat-linux/10/../../../../include/c++/10/x86_64-redhat-linux] ==> [/opt/rh/devtoolset-10/root/usr/include/c++/10/x86_64-redhat-linux]
  collapse include dir [/opt/rh/devtoolset-10/root/usr/lib/gcc/x86_64-redhat-linux/10/../../../../include/c++/10/backward] ==> [/opt/rh/devtoolset-10/root/usr/include/c++/10/backward]
  collapse include dir [/opt/rh/devtoolset-10/root/usr/lib/gcc/x86_64-redhat-linux/10/include] ==> [/opt/rh/devtoolset-10/root/usr/lib/gcc/x86_64-redhat-linux/10/include]
  collapse include dir [/usr/local/include] ==> [/usr/local/include]
  collapse include dir [/opt/rh/devtoolset-10/root/usr/include] ==> [/opt/rh/devtoolset-10/root/usr/include]
  collapse include dir [/usr/include] ==> [/usr/include]
  implicit include dirs: [/usr/local/cuda-11/targets/x86_64-linux/include;/opt/rh/devtoolset-10/root/usr/include/c++/10;/opt/rh/devtoolset-10/root/usr/include/c++/10/x86_64-redhat-linux;/opt/rh/devtoolset-10/root/usr/include/c++/10/backward;/opt/rh/devtoolset-10/root/usr/lib/gcc/x86_64-redhat-linux/10/include;/usr/local/include;/opt/rh/devtoolset-10/root/usr/include;/usr/include]


Parsed CUDA implicit link information from above output:
  link line regex: [^( *|.*[/\])(ld|CMAKE_LINK_STARTFILE-NOTFOUND|([^/\]+-)?ld|collect2)[^/\]*( |$)]
  ignore line: [Change Dir: /pvfsmnt/118010224/hw4/CUDA/build/CMakeFiles/CMakeTmp]
  ignore line: []
  ignore line: [Run Build Command(s):/opt/rh/devtoolset-10/root/usr/bin/gmake -f Makefile cmTC_296aa/fast && /opt/rh/devtoolset-10/root/usr/bin/gmake  -f CMakeFiles/cmTC_296aa.dir/build.make CMakeFiles/cmTC_296aa.dir/build]
  ignore line: [gmake[1]: Entering directory '/pvfsmnt/118010224/hw4/CUDA/build/CMakeFiles/CMakeTmp']
  ignore line: [Building CUDA object CMakeFiles/cmTC_296aa.dir/CMakeCUDACompilerABI.cu.o]
  ignore line: [/usr/local/cuda-11/bin/nvcc -forward-unknown-to-host-compiler   -Xcompiler=-v -MD -MT CMakeFiles/cmTC_296aa.dir/CMakeCUDACompilerABI.cu.o -MF CMakeFiles/cmTC_296aa.dir/CMakeCUDACompilerABI.cu.o.d -x cu -c /opt/cmake/share/cmake-3.21/Modules/CMakeCUDACompilerABI.cu -o CMakeFiles/cmTC_296aa.dir/CMakeCUDACompilerABI.cu.o]
  ignore line: [Using built-in specs.]
  ignore line: [COLLECT_GCC=gcc]
  ignore line: [Target: x86_64-redhat-linux]
  ignore line: [Configured with: ../configure --enable-bootstrap --enable-languages=c c++ fortran lto --prefix=/opt/rh/devtoolset-10/root/usr --mandir=/opt/rh/devtoolset-10/root/usr/share/man --infodir=/opt/rh/devtoolset-10/root/usr/share/info --with-bugurl=http://bugzilla.redhat.com/bugzilla --enable-shared --enable-threads=posix --enable-checking=release --enable-multilib --with-system-zlib --enable-__cxa_atexit --disable-libunwind-exceptions --enable-gnu-unique-object --enable-linker-build-id --with-gcc-major-version-only --with-linker-hash-style=gnu --with-default-libstdcxx-abi=gcc4-compatible --enable-plugin --enable-initfini-array --with-isl=/builddir/build/BUILD/gcc-10.2.1-20210130/obj-x86_64-redhat-linux/isl-install --disable-libmpx --enable-gnu-indirect-function --with-tune=generic --with-arch_32=x86-64 --build=x86_64-redhat-linux]
  ignore line: [Thread model: posix]
  ignore line: [Supported LTO compression algorithms: zlib]
  ignore line: [gcc version 10.2.1 20210130 (Red Hat 10.2.1-11) (GCC) ]
  ignore line: [COLLECT_GCC_OPTIONS='-D' '__CUDA_ARCH__=520' '-E' '-D' 'CUDA_DOUBLE_MATH_FUNCTIONS' '-D' '__CUDACC__' '-D' '__NVCC__' '-v' '-I' '/usr/local/cuda-11/bin/../targets/x86_64-linux/include' '-D' '__CUDACC_VER_MAJOR__=11' '-D' '__CUDACC_VER_MINOR__=4' '-D' '__CUDACC_VER_BUILD__=120' '-D' '__CUDA_API_VER_MAJOR__=11' '-D' '__CUDA_API_VER_MINOR__=4' '-include' 'cuda_runtime.h' '-m64' '-o' '/tmp/tmpxft_00005599_00000000-7_CMakeCUDACompilerABI.cpp1.ii' '-mtune=generic' '-march=x86-64']
  ignore line: [ /opt/rh/devtoolset-10/root/usr/libexec/gcc/x86_64-redhat-linux/10/cc1plus -E -quiet -v -I /usr/local/cuda-11/bin/../targets/x86_64-linux/include -D_GNU_SOURCE -D __CUDA_ARCH__=520 -D CUDA_DOUBLE_MATH_FUNCTIONS -D __CUDACC__ -D __NVCC__ -D __CUDACC_VER_MAJOR__=11 -D __CUDACC_VER_MINOR__=4 -D __CUDACC_VER_BUILD__=120 -D __CUDA_API_VER_MAJOR__=11 -D __CUDA_API_VER_MINOR__=4 -include cuda_runtime.h /opt/cmake/share/cmake-3.21/Modules/CMakeCUDACompilerABI.cu -o /tmp/tmpxft_00005599_00000000-7_CMakeCUDACompilerABI.cpp1.ii -m64 -mtune=generic -march=x86-64]
  ignore line: [ignoring nonexistent directory "/opt/rh/devtoolset-10/root/usr/lib/gcc/x86_64-redhat-linux/10/include-fixed"]
  ignore line: [ignoring nonexistent directory "/opt/rh/devtoolset-10/root/usr/lib/gcc/x86_64-redhat-linux/10/../../../../x86_64-redhat-linux/include"]
  ignore line: [#include "..." search starts here:]
  ignore line: [#include <...> search starts here:]
  ignore line: [ /usr/local/cuda-11/bin/../targets/x86_64-linux/include]
  ignore line: [ /opt/rh/devtoolset-10/root/usr/lib/gcc/x86_64-redhat-linux/10/../../../../include/c++/10]
  ignore line: [ /opt/rh/devtoolset-10/root/usr/lib/gcc/x86_64-redhat-linux/10/../../../../include/c++/10/x86_64-redhat-linux]
  ignore line: [ /opt/rh/devtoolset-10/root/usr/lib/gcc/x86_64-redhat-linux/10/../../../../include/c++/10/backward]
  ignore line: [ /opt/rh/devtoolset-10/root/usr/lib/gcc/x86_64-redhat-linux/10/include]
  ignore line: [ /usr/local/include]
  ignore line: [ /opt/rh/devtoolset-10/root/usr/include]
  ignore line: [ /usr/include]
  ignore line: [End of search list.]
  ignore line: [COMPILER_PATH=/opt/rh/devtoolset-10/root/usr/libexec/gcc/x86_64-redhat-linux/10/:/opt/rh/devtoolset-10/root/usr/libexec/gcc/x86_64-redhat-linux/10/:/opt/rh/devtoolset-10/root/usr/libexec/gcc/x86_64-redhat-linux/:/opt/rh/devtoolset-10/root/usr/lib/gcc/x86_64-redhat-linux/10/:/opt/rh/devtoolset-10/root/usr/lib/gcc/x86_64-redhat-linux/]
  ignore line: [LIBRARY_PATH=/opt/rh/devtoolset-10/root/usr/lib/gcc/x86_64-redhat-linux/10/:/opt/rh/devtoolset-10/root/usr/lib/gcc/x86_64-redhat-linux/10/../../../../lib64/:/lib/../lib64/:/usr/lib/../lib64/:/opt/rh/devtoolset-10/root/usr/lib/gcc/x86_64-redhat-linux/10/../../../:/lib/:/usr/lib/]
  ignore line: [COLLECT_GCC_OPTIONS='-D' '__CUDA_ARCH__=520' '-E' '-D' 'CUDA_DOUBLE_MATH_FUNCTIONS' '-D' '__CUDACC__' '-D' '__NVCC__' '-v' '-I' '/usr/local/cuda-11/bin/../targets/x86_64-linux/include' '-D' '__CUDACC_VER_MAJOR__=11' '-D' '__CUDACC_VER_MINOR__=4' '-D' '__CUDACC_VER_BUILD__=120' '-D' '__CUDA_API_VER_MAJOR__=11' '-D' '__CUDA_API_VER_MINOR__=4' '-include' 'cuda_runtime.h' '-m64' '-o' '/tmp/tmpxft_00005599_00000000-7_CMakeCUDACompilerABI.cpp1.ii' '-mtune=generic' '-march=x86-64']
  ignore line: [Using built-in specs.]
  ignore line: [COLLECT_GCC=gcc]
  ignore line: [Target: x86_64-redhat-linux]
  ignore line: [Configured with: ../configure --enable-bootstrap --enable-languages=c c++ fortran lto --prefix=/opt/rh/devtoolset-10/root/usr --mandir=/opt/rh/devtoolset-10/root/usr/share/man --infodir=/opt/rh/devtoolset-10/root/usr/share/info --with-bugurl=http://bugzilla.redhat.com/bugzilla --enable-shared --enable-threads=posix --enable-checking=release --enable-multilib --with-system-zlib --enable-__cxa_atexit --disable-libunwind-exceptions --enable-gnu-unique-object --enable-linker-build-id --with-gcc-major-version-only --with-linker-hash-style=gnu --with-default-libstdcxx-abi=gcc4-compatible --enable-plugin --enable-initfini-array --with-isl=/builddir/build/BUILD/gcc-10.2.1-20210130/obj-x86_64-redhat-linux/isl-install --disable-libmpx --enable-gnu-indirect-function --with-tune=generic --with-arch_32=x86-64 --build=x86_64-redhat-linux]
  ignore line: [Thread model: posix]
  ignore line: [Supported LTO compression algorithms: zlib]
  ignore line: [gcc version 10.2.1 20210130 (Red Hat 10.2.1-11) (GCC) ]
  ignore line: [COLLECT_GCC_OPTIONS='-E' '-D' '__CUDACC__' '-D' '__NVCC__' '-v' '-I' '/usr/local/cuda-11/bin/../targets/x86_64-linux/include' '-D' '__CUDACC_VER_MAJOR__=11' '-D' '__CUDACC_VER_MINOR__=4' '-D' '__CUDACC_VER_BUILD__=120' '-D' '__CUDA_API_VER_MAJOR__=11' '-D' '__CUDA_API_VER_MINOR__=4' '-include' 'cuda_runtime.h' '-m64' '-o' '/tmp/tmpxft_00005599_00000000-5_CMakeCUDACompilerABI.cpp4.ii' '-mtune=generic' '-march=x86-64']
  ignore line: [ /opt/rh/devtoolset-10/root/usr/libexec/gcc/x86_64-redhat-linux/10/cc1plus -E -quiet -v -I /usr/local/cuda-11/bin/../targets/x86_64-linux/include -D_GNU_SOURCE -D __CUDACC__ -D __NVCC__ -D __CUDACC_VER_MAJOR__=11 -D __CUDACC_VER_MINOR__=4 -D __CUDACC_VER_BUILD__=120 -D __CUDA_API_VER_MAJOR__=11 -D __CUDA_API_VER_MINOR__=4 -include cuda_runtime.h /opt/cmake/share/cmake-3.21/Modules/CMakeCUDACompilerABI.cu -o /tmp/tmpxft_00005599_00000000-5_CMakeCUDACompilerABI.cpp4.ii -m64 -mtune=generic -march=x86-64]
  ignore line: [ignoring nonexistent directory "/opt/rh/devtoolset-10/root/usr/lib/gcc/x86_64-redhat-linux/10/include-fixed"]
  ignore line: [ignoring nonexistent directory "/opt/rh/devtoolset-10/root/usr/lib/gcc/x86_64-redhat-linux/10/../../../../x86_64-redhat-linux/include"]
  ignore line: [#include "..." search starts here:]
  ignore line: [#include <...> search starts here:]
  ignore line: [ /usr/local/cuda-11/bin/../targets/x86_64-linux/include]
  ignore line: [ /opt/rh/devtoolset-10/root/usr/lib/gcc/x86_64-redhat-linux/10/../../../../include/c++/10]
  ignore line: [ /opt/rh/devtoolset-10/root/usr/lib/gcc/x86_64-redhat-linux/10/../../../../include/c++/10/x86_64-redhat-linux]
  ignore line: [ /opt/rh/devtoolset-10/root/usr/lib/gcc/x86_64-redhat-linux/10/../../../../include/c++/10/backward]
  ignore line: [ /opt/rh/devtoolset-10/root/usr/lib/gcc/x86_64-redhat-linux/10/include]
  ignore line: [ /usr/local/include]
  ignore line: [ /opt/rh/devtoolset-10/root/usr/include]
  ignore line: [ /usr/include]
  ignore line: [End of search list.]
  ignore line: [COMPILER_PATH=/opt/rh/devtoolset-10/root/usr/libexec/gcc/x86_64-redhat-linux/10/:/opt/rh/devtoolset-10/root/usr/libexec/gcc/x86_64-redhat-linux/10/:/opt/rh/devtoolset-10/root/usr/libexec/gcc/x86_64-redhat-linux/:/opt/rh/devtoolset-10/root/usr/lib/gcc/x86_64-redhat-linux/10/:/opt/rh/devtoolset-10/root/usr/lib/gcc/x86_64-redhat-linux/]
  ignore line: [LIBRARY_PATH=/opt/rh/devtoolset-10/root/usr/lib/gcc/x86_64-redhat-linux/10/:/opt/rh/devtoolset-10/root/usr/lib/gcc/x86_64-redhat-linux/10/../../../../lib64/:/lib/../lib64/:/usr/lib/../lib64/:/opt/rh/devtoolset-10/root/usr/lib/gcc/x86_64-redhat-linux/10/../../../:/lib/:/usr/lib/]
  ignore line: [COLLECT_GCC_OPTIONS='-E' '-D' '__CUDACC__' '-D' '__NVCC__' '-v' '-I' '/usr/local/cuda-11/bin/../targets/x86_64-linux/include' '-D' '__CUDACC_VER_MAJOR__=11' '-D' '__CUDACC_VER_MINOR__=4' '-D' '__CUDACC_VER_BUILD__=120' '-D' '__CUDA_API_VER_MAJOR__=11' '-D' '__CUDA_API_VER_MINOR__=4' '-include' 'cuda_runtime.h' '-m64' '-o' '/tmp/tmpxft_00005599_00000000-5_CMakeCUDACompilerABI.cpp4.ii' '-mtune=generic' '-march=x86-64']
  ignore line: [Using built-in specs.]
  ignore line: [COLLECT_GCC=gcc]
  ignore line: [Target: x86_64-redhat-linux]
  ignore line: [Configured with: ../configure --enable-bootstrap --enable-languages=c c++ fortran lto --prefix=/opt/rh/devtoolset-10/root/usr --mandir=/opt/rh/devtoolset-10/root/usr/share/man --infodir=/opt/rh/devtoolset-10/root/usr/share/info --with-bugurl=http://bugzilla.redhat.com/bugzilla --enable-shared --enable-threads=posix --enable-checking=release --enable-multilib --with-system-zlib --enable-__cxa_atexit --disable-libunwind-exceptions --enable-gnu-unique-object --enable-linker-build-id --with-gcc-major-version-only --with-linker-hash-style=gnu --with-default-libstdcxx-abi=gcc4-compatible --enable-plugin --enable-initfini-array --with-isl=/builddir/build/BUILD/gcc-10.2.1-20210130/obj-x86_64-redhat-linux/isl-install --disable-libmpx --enable-gnu-indirect-function --with-tune=generic --with-arch_32=x86-64 --build=x86_64-redhat-linux]
  ignore line: [Thread model: posix]
  ignore line: [Supported LTO compression algorithms: zlib]
  ignore line: [gcc version 10.2.1 20210130 (Red Hat 10.2.1-11) (GCC) ]
  ignore line: [COLLECT_GCC_OPTIONS='-D' '__CUDA_ARCH__=520' '-c' '-D' 'CUDA_DOUBLE_MATH_FUNCTIONS' '-v' '-I' '/usr/local/cuda-11/bin/../targets/x86_64-linux/include' '-m64' '-o' 'CMakeFiles/cmTC_296aa.dir/CMakeCUDACompilerABI.cu.o' '-mtune=generic' '-march=x86-64']
  ignore line: [ /opt/rh/devtoolset-10/root/usr/libexec/gcc/x86_64-redhat-linux/10/cc1plus -quiet -v -I /usr/local/cuda-11/bin/../targets/x86_64-linux/include -D_GNU_SOURCE -D __CUDA_ARCH__=520 -D CUDA_DOUBLE_MATH_FUNCTIONS /tmp/tmpxft_00005599_00000000-6_CMakeCUDACompilerABI.cudafe1.cpp -quiet -dumpbase tmpxft_00005599_00000000-6_CMakeCUDACompilerABI.cudafe1.cpp -m64 -mtune=generic -march=x86-64 -auxbase-strip CMakeFiles/cmTC_296aa.dir/CMakeCUDACompilerABI.cu.o -version -o /tmp/cc1K65g6.s]
  ignore line: [GNU C++14 (GCC) version 10.2.1 20210130 (Red Hat 10.2.1-11) (x86_64-redhat-linux)]
  ignore line: [	compiled by GNU C version 10.2.1 20210130 (Red Hat 10.2.1-11)  GMP version 6.0.0  MPFR version 3.1.1  MPC version 1.0.1  isl version isl-0.16.1-GMP]
  ignore line: []
  ignore line: [GGC heuristics: --param ggc-min-expand=100 --param ggc-min-heapsize=131072]
  ignore line: [ignoring nonexistent directory "/opt/rh/devtoolset-10/root/usr/lib/gcc/x86_64-redhat-linux/10/include-fixed"]
  ignore line: [ignoring nonexistent directory "/opt/rh/devtoolset-10/root/usr/lib/gcc/x86_64-redhat-linux/10/../../../../x86_64-redhat-linux/include"]
  ignore line: [#include "..." search starts here:]
  ignore line: [#include <...> search starts here:]
  ignore line: [ /usr/local/cuda-11/bin/../targets/x86_64-linux/include]
  ignore line: [ /opt/rh/devtoolset-10/root/usr/lib/gcc/x86_64-redhat-linux/10/../../../../include/c++/10]
  ignore line: [ /opt/rh/devtoolset-10/root/usr/lib/gcc/x86_64-redhat-linux/10/../../../../include/c++/10/x86_64-redhat-linux]
  ignore line: [ /opt/rh/devtoolset-10/root/usr/lib/gcc/x86_64-redhat-linux/10/../../../../include/c++/10/backward]
  ignore line: [ /opt/rh/devtoolset-10/root/usr/lib/gcc/x86_64-redhat-linux/10/include]
  ignore line: [ /usr/local/include]
  ignore line: [ /opt/rh/devtoolset-10/root/usr/include]
  ignore line: [ /usr/include]
  ignore line: [End of search list.]
  ignore line: [GNU C++14 (GCC) version 10.2.1 20210130 (Red Hat 10.2.1-11) (x86_64-redhat-linux)]
  ignore line: [	compiled by GNU C version 10.2.1 20210130 (Red Hat 10.2.1-11)  GMP version 6.0.0  MPFR version 3.1.1  MPC version 1.0.1  isl version isl-0.16.1-GMP]
  ignore line: []
  ignore line: [GGC heuristics: --param ggc-min-expand=100 --param ggc-min-heapsize=131072]
  ignore line: [Compiler executable checksum: 90aa9bafbbfcf857e3893d71aade2a62]
  ignore line: [COLLECT_GCC_OPTIONS='-D' '__CUDA_ARCH__=520' '-c' '-D' 'CUDA_DOUBLE_MATH_FUNCTIONS' '-v' '-I' '/usr/local/cuda-11/bin/../targets/x86_64-linux/include' '-m64' '-o' 'CMakeFiles/cmTC_296aa.dir/CMakeCUDACompilerABI.cu.o' '-mtune=generic' '-march=x86-64']
  ignore line: [ /opt/rh/devtoolset-10/root/usr/libexec/gcc/x86_64-redhat-linux/10/as -v -I /usr/local/cuda-11/bin/../targets/x86_64-linux/include --64 -o CMakeFiles/cmTC_296aa.dir/CMakeCUDACompilerABI.cu.o /tmp/cc1K65g6.s]
  ignore line: [GNU assembler version 2.35 (x86_64-redhat-linux) using BFD version version 2.35-5.el7]
  ignore line: [COMPILER_PATH=/opt/rh/devtoolset-10/root/usr/libexec/gcc/x86_64-redhat-linux/10/:/opt/rh/devtoolset-10/root/usr/libexec/gcc/x86_64-redhat-linux/10/:/opt/rh/devtoolset-10/root/usr/libexec/gcc/x86_64-redhat-linux/:/opt/rh/devtoolset-10/root/usr/lib/gcc/x86_64-redhat-linux/10/:/opt/rh/devtoolset-10/root/usr/lib/gcc/x86_64-redhat-linux/]
  ignore line: [LIBRARY_PATH=/opt/rh/devtoolset-10/root/usr/lib/gcc/x86_64-redhat-linux/10/:/opt/rh/devtoolset-10/root/usr/lib/gcc/x86_64-redhat-linux/10/../../../../lib64/:/lib/../lib64/:/usr/lib/../lib64/:/opt/rh/devtoolset-10/root/usr/lib/gcc/x86_64-redhat-linux/10/../../../:/lib/:/usr/lib/]
  ignore line: [COLLECT_GCC_OPTIONS='-D' '__CUDA_ARCH__=520' '-c' '-D' 'CUDA_DOUBLE_MATH_FUNCTIONS' '-v' '-I' '/usr/local/cuda-11/bin/../targets/x86_64-linux/include' '-m64' '-o' 'CMakeFiles/cmTC_296aa.dir/CMakeCUDACompilerABI.cu.o' '-mtune=generic' '-march=x86-64']
  ignore line: [Linking CUDA executable cmTC_296aa]
  ignore line: [/opt/cmake/bin/cmake -E cmake_link_script CMakeFiles/cmTC_296aa.dir/link.txt --verbose=1]
  ignore line: [/opt/rh/devtoolset-10/root/usr/bin/g++  -v CMakeFiles/cmTC_296aa.dir/CMakeCUDACompilerABI.cu.o -o cmTC_296aa  -lcudadevrt -lcudart_static -lrt -lpthread -ldl  -L"/usr/local/cuda-11/targets/x86_64-linux/lib/stubs" -L"/usr/local/cuda-11/targets/x86_64-linux/lib"]
  ignore line: [Using built-in specs.]
  ignore line: [COLLECT_GCC=/opt/rh/devtoolset-10/root/usr/bin/g++]
  ignore line: [COLLECT_LTO_WRAPPER=/opt/rh/devtoolset-10/root/usr/libexec/gcc/x86_64-redhat-linux/10/lto-wrapper]
  ignore line: [Target: x86_64-redhat-linux]
  ignore line: [Configured with: ../configure --enable-bootstrap --enable-languages=c c++ fortran lto --prefix=/opt/rh/devtoolset-10/root/usr --mandir=/opt/rh/devtoolset-10/root/usr/share/man --infodir=/opt/rh/devtoolset-10/root/usr/share/info --with-bugurl=http://bugzilla.redhat.com/bugzilla --enable-shared --enable-threads=posix --enable-checking=release --enable-multilib --with-system-zlib --enable-__cxa_atexit --disable-libunwind-exceptions --enable-gnu-unique-object --enable-linker-build-id --with-gcc-major-version-only --with-linker-hash-style=gnu --with-default-libstdcxx-abi=gcc4-compatible --enable-plugin --enable-initfini-array --with-isl=/builddir/build/BUILD/gcc-10.2.1-20210130/obj-x86_64-redhat-linux/isl-install --disable-libmpx --enable-gnu-indirect-function --with-tune=generic --with-arch_32=x86-64 --build=x86_64-redhat-linux]
  ignore line: [Thread model: posix]
  ignore line: [Supported LTO compression algorithms: zlib]
  ignore line: [gcc version 10.2.1 20210130 (Red Hat 10.2.1-11) (GCC) ]
  ignore line: [COMPILER_PATH=/opt/rh/devtoolset-10/root/usr/libexec/gcc/x86_64-redhat-linux/10/:/opt/rh/devtoolset-10/root/usr/libexec/gcc/x86_64-redhat-linux/10/:/opt/rh/devtoolset-10/root/usr/libexec/gcc/x86_64-redhat-linux/:/opt/rh/devtoolset-10/root/usr/lib/gcc/x86_64-redhat-linux/10/:/opt/rh/devtoolset-10/root/usr/lib/gcc/x86_64-redhat-linux/]
  ignore line: [LIBRARY_PATH=/opt/rh/devtoolset-10/root/usr/lib/gcc/x86_64-redhat-linux/10/:/opt/rh/devtoolset-10/root/usr/lib/gcc/x86_64-redhat-linux/10/../../../../lib64/:/lib/../lib64/:/usr/lib/../lib64/:/opt/rh/devtoolset-10/root/usr/lib/gcc/x86_64-redhat-linux/10/../../../:/lib/:/usr/lib/]
  ignore line: [COLLECT_GCC_OPTIONS='-v' '-o' 'cmTC_296aa' '-L/usr/local/cuda-11/targets/x86_64-linux/lib/stubs' '-L/usr/local/cuda-11/targets/x86_64-linux/lib' '-shared-libgcc' '-mtune=generic' '-march=x86-64']
  link line: [ /opt/rh/devtoolset-10/root/usr/libexec/gcc/x86_64-redhat-linux/10/collect2 -plugin /opt/rh/devtoolset-10/root/usr/libexec/gcc/x86_64-redhat-linux/10/liblto_plugin.so -plugin-opt=/opt/rh/devtoolset-10/root/usr/libexec/gcc/x86_64-redhat-linux/10/lto-wrapper -plugin-opt=-fresolution=/tmp/ccvlrueI.res -plugin-opt=-pass-through=-lgcc_s -plugin-opt=-pass-through=-lgcc -plugin-opt=-pass-through=-lc -plugin-opt=-pass-through=-lgcc_s -plugin-opt=-pass-through=-lgcc --build-id --no-add-needed --eh-frame-hdr --hash-style=gnu -m elf_x86_64 -dynamic-linker /lib64/ld-linux-x86-64.so.2 -o cmTC_296aa /lib/../lib64/crt1.o /lib/../lib64/crti.o /opt/rh/devtoolset-10/root/usr/lib/gcc/x86_64-redhat-linux/10/crtbegin.o -L/usr/local/cuda-11/targets/x86_64-linux/lib/stubs -L/usr/local/cuda-11/targets/x86_64-linux/lib -L/opt/rh/devtoolset-10/root/usr/lib/gcc/x86_64-redhat-linux/10 -L/opt/rh/devtoolset-10/root/usr/lib/gcc/x86_64-redhat-linux/10/../../../../lib64 -L/lib/../lib64 -L/usr/lib/../lib64 -L/opt/rh/devtoolset-10/root/usr/lib/gcc/x86_64-redhat-linux/10/../../.. CMakeFiles/cmTC_296aa.dir/CMakeCUDACompilerABI.cu.o -lcudadevrt -lcudart_static -lrt -lpthread -ldl -lstdc++ -lm -lgcc_s -lgcc -lc -lgcc_s -lgcc /opt/rh/devtoolset-10/root/usr/lib/gcc/x86_64-redhat-linux/10/crtend.o /lib/../lib64/crtn.o]
    arg [/opt/rh/devtoolset-10/root/usr/libexec/gcc/x86_64-redhat-linux/10/collect2] ==> ignore
    arg [-plugin] ==> ignore
    arg [/opt/rh/devtoolset-10/root/usr/libexec/gcc/x86_64-redhat-linux/10/liblto_plugin.so] ==> ignore
    arg [-plugin-opt=/opt/rh/devtoolset-10/root/usr/libexec/gcc/x86_64-redhat-linux/10/lto-wrapper] ==> ignore
    arg [-plugin-opt=-fresolution=/tmp/ccvlrueI.res] ==> ignore
    arg [-plugin-opt=-pass-through=-lgcc_s] ==> ignore
    arg [-plugin-opt=-pass-through=-lgcc] ==> ignore
    arg [-plugin-opt=-pass-through=-lc] ==> ignore
    arg [-plugin-opt=-pass-through=-lgcc_s] ==> ignore
    arg [-plugin-opt=-pass-through=-lgcc] ==> ignore
    arg [--build-id] ==> ignore
    arg [--no-add-needed] ==> ignore
    arg [--eh-frame-hdr] ==> ignore
    arg [--hash-style=gnu] ==> ignore
    arg [-m] ==> ignore
    arg [elf_x86_64] ==> ignore
    arg [-dynamic-linker] ==> ignore
    arg [/lib64/ld-linux-x86-64.so.2] ==> ignore
    arg [-o] ==> ignore
    arg [cmTC_296aa] ==> ignore
    arg [/lib/../lib64/crt1.o] ==> obj [/lib/../lib64/crt1.o]
    arg [/lib/../lib64/crti.o] ==> obj [/lib/../lib64/crti.o]
    arg [/opt/rh/devtoolset-10/root/usr/lib/gcc/x86_64-redhat-linux/10/crtbegin.o] ==> obj [/opt/rh/devtoolset-10/root/usr/lib/gcc/x86_64-redhat-linux/10/crtbegin.o]
    arg [-L/usr/local/cuda-11/targets/x86_64-linux/lib/stubs] ==> dir [/usr/local/cuda-11/targets/x86_64-linux/lib/stubs]
    arg [-L/usr/local/cuda-11/targets/x86_64-linux/lib] ==> dir [/usr/local/cuda-11/targets/x86_64-linux/lib]
    arg [-L/opt/rh/devtoolset-10/root/usr/lib/gcc/x86_64-redhat-linux/10] ==> dir [/opt/rh/devtoolset-10/root/usr/lib/gcc/x86_64-redhat-linux/10]
    arg [-L/opt/rh/devtoolset-10/root/usr/lib/gcc/x86_64-redhat-linux/10/../../../../lib64] ==> dir [/opt/rh/devtoolset-10/root/usr/lib/gcc/x86_64-redhat-linux/10/../../../../lib64]
    arg [-L/lib/../lib64] ==> dir [/lib/../lib64]
    arg [-L/usr/lib/../lib64] ==> dir [/usr/lib/../lib64]
    arg [-L/opt/rh/devtoolset-10/root/usr/lib/gcc/x86_64-redhat-linux/10/../../..] ==> dir [/opt/rh/devtoolset-10/root/usr/lib/gcc/x86_64-redhat-linux/10/../../..]
    arg [CMakeFiles/cmTC_296aa.dir/CMakeCUDACompilerABI.cu.o] ==> ignore
    arg [-lcudadevrt] ==> lib [cudadevrt]
    arg [-lcudart_static] ==> lib [cudart_static]
    arg [-lrt] ==> lib [rt]
    arg [-lpthread] ==> lib [pthread]
    arg [-ldl] ==> lib [dl]
    arg [-lstdc++] ==> lib [stdc++]
    arg [-lm] ==> lib [m]
    arg [-lgcc_s] ==> lib [gcc_s]
    arg [-lgcc] ==> lib [gcc]
    arg [-lc] ==> lib [c]
    arg [-lgcc_s] ==> lib [gcc_s]
    arg [-lgcc] ==> lib [gcc]
    arg [/opt/rh/devtoolset-10/root/usr/lib/gcc/x86_64-redhat-linux/10/crtend.o] ==> obj [/opt/rh/devtoolset-10/root/usr/lib/gcc/x86_64-redhat-linux/10/crtend.o]
    arg [/lib/../lib64/crtn.o] ==> obj [/lib/../lib64/crtn.o]
  collapse obj [/lib/../lib64/crt1.o] ==> [/lib64/crt1.o]
  collapse obj [/lib/../lib64/crti.o] ==> [/lib64/crti.o]
  collapse obj [/lib/../lib64/crtn.o] ==> [/lib64/crtn.o]
  collapse library dir [/usr/local/cuda-11/targets/x86_64-linux/lib/stubs] ==> [/usr/local/cuda-11/targets/x86_64-linux/lib/stubs]
  collapse library dir [/usr/local/cuda-11/targets/x86_64-linux/lib] ==> [/usr/local/cuda-11/targets/x86_64-linux/lib]
  collapse library dir [/opt/rh/devtoolset-10/root/usr/lib/gcc/x86_64-redhat-linux/10] ==> [/opt/rh/devtoolset-10/root/usr/lib/gcc/x86_64-redhat-linux/10]
  collapse library dir [/opt/rh/devtoolset-10/root/usr/lib/gcc/x86_64-redhat-linux/10/../../../../lib64] ==> [/opt/rh/devtoolset-10/root/usr/lib64]
  collapse library dir [/lib/../lib64] ==> [/lib64]
  collapse library dir [/usr/lib/../lib64] ==> [/usr/lib64]
  collapse library dir [/opt/rh/devtoolset-10/root/usr/lib/gcc/x86_64-redhat-linux/10/../../..] ==> [/opt/rh/devtoolset-10/root/usr/lib]
  implicit libs: [cudadevrt;cudart_static;rt;pthread;dl;stdc++;m;gcc_s;gcc;c;gcc_s;gcc]
  implicit objs: [/lib64/crt1.o;/lib64/crti.o;/opt/rh/devtoolset-10/root/usr/lib/gcc/x86_64-redhat-linux/10/crtbegin.o;/opt/rh/devtoolset-10/root/usr/lib/gcc/x86_64-redhat-linux/10/crtend.o;/lib64/crtn.o]
  implicit dirs: [/usr/local/cuda-11/targets/x86_64-linux/lib/stubs;/usr/local/cuda-11/targets/x86_64-linux/lib;/opt/rh/devtoolset-10/root/usr/lib/gcc/x86_64-redhat-linux/10;/opt/rh/devtoolset-10/root/usr/lib64;/lib64;/usr/lib64;/opt/rh/devtoolset-10/root/usr/lib]
  implicit fwks: []


Detecting CXX compiler ABI info compiled with the following output:
Change Dir: /pvfsmnt/118010224/hw4/CUDA/build/CMakeFiles/CMakeTmp

Run Build Command(s):/opt/rh/devtoolset-10/root/usr/bin/gmake -f Makefile cmTC_7b2ee/fast && /opt/rh/devtoolset-10/root/usr/bin/gmake  -f CMakeFiles/cmTC_7b2ee.dir/build.make CMakeFiles/cmTC_7b2ee.dir/build
gmake[1]: Entering directory '/pvfsmnt/118010224/hw4/CUDA/build/CMakeFiles/CMakeTmp'
Building CXX object CMakeFiles/cmTC_7b2ee.dir/CMakeCXXCompilerABI.cpp.o
/opt/rh/devtoolset-10/root/usr/bin/g++   -v -o CMakeFiles/cmTC_7b2ee.dir/CMakeCXXCompilerABI.cpp.o -c /opt/cmake/share/cmake-3.21/Modules/CMakeCXXCompilerABI.cpp
Using built-in specs.
COLLECT_GCC=/opt/rh/devtoolset-10/root/usr/bin/g++
Target: x86_64-redhat-linux
Configured with: ../configure --enable-bootstrap --enable-languages=c,c++,fortran,lto --prefix=/opt/rh/devtoolset-10/root/usr --mandir=/opt/rh/devtoolset-10/root/usr/share/man --infodir=/opt/rh/devtoolset-10/root/usr/share/info --with-bugurl=http://bugzilla.redhat.com/bugzilla --enable-shared --enable-threads=posix --enable-checking=release --enable-multilib --with-system-zlib --enable-__cxa_atexit --disable-libunwind-exceptions --enable-gnu-unique-object --enable-linker-build-id --with-gcc-major-version-only --with-linker-hash-style=gnu --with-default-libstdcxx-abi=gcc4-compatible --enable-plugin --enable-initfini-array --with-isl=/builddir/build/BUILD/gcc-10.2.1-20210130/obj-x86_64-redhat-linux/isl-install --disable-libmpx --enable-gnu-indirect-function --with-tune=generic --with-arch_32=x86-64 --build=x86_64-redhat-linux
Thread model: posix
Supported LTO compression algorithms: zlib
gcc version 10.2.1 20210130 (Red Hat 10.2.1-11) (GCC) 
COLLECT_GCC_OPTIONS='-v' '-o' 'CMakeFiles/cmTC_7b2ee.dir/CMakeCXXCompilerABI.cpp.o' '-c' '-shared-libgcc' '-mtune=generic' '-march=x86-64'
 /opt/rh/devtoolset-10/root/usr/libexec/gcc/x86_64-redhat-linux/10/cc1plus -quiet -v -D_GNU_SOURCE /opt/cmake/share/cmake-3.21/Modules/CMakeCXXCompilerABI.cpp -quiet -dumpbase CMakeCXXCompilerABI.cpp -mtune=generic -march=x86-64 -auxbase-strip CMakeFiles/cmTC_7b2ee.dir/CMakeCXXCompilerABI.cpp.o -version -o /tmp/ccpKc956.s
GNU C++14 (GCC) version 10.2.1 20210130 (Red Hat 10.2.1-11) (x86_64-redhat-linux)
	compiled by GNU C version 10.2.1 20210130 (Red Hat 10.2.1-11), GMP version 6.0.0, MPFR version 3.1.1, MPC version 1.0.1, isl version isl-0.16.1-GMP

GGC heuristics: --param ggc-min-expand=100 --param ggc-min-heapsize=131072
ignoring nonexistent directory "/opt/rh/devtoolset-10/root/usr/lib/gcc/x86_64-redhat-linux/10/include-fixed"
ignoring nonexistent directory "/opt/rh/devtoolset-10/root/usr/lib/gcc/x86_64-redhat-linux/10/../../../../x86_64-redhat-linux/include"
#include "..." search starts here:
#include <...> search starts here:
 /opt/rh/devtoolset-10/root/usr/lib/gcc/x86_64-redhat-linux/10/../../../../include/c++/10
 /opt/rh/devtoolset-10/root/usr/lib/gcc/x86_64-redhat-linux/10/../../../../include/c++/10/x86_64-redhat-linux
 /opt/rh/devtoolset-10/root/usr/lib/gcc/x86_64-redhat-linux/10/../../../../include/c++/10/backward
 /opt/rh/devtoolset-10/root/usr/lib/gcc/x86_64-redhat-linux/10/include
 /usr/local/include
 /opt/rh/devtoolset-10/root/usr/include
 /usr/include
End of search list.
GNU C++14 (GCC) version 10.2.1 20210130 (Red Hat 10.2.1-11) (x86_64-redhat-linux)
	compiled by GNU C version 10.2.1 20210130 (Red Hat 10.2.1-11), GMP version 6.0.0, MPFR version 3.1.1, MPC version 1.0.1, isl version isl-0.16.1-GMP

GGC heuristics: --param ggc-min-expand=100 --param ggc-min-heapsize=131072
Compiler executable checksum: 90aa9bafbbfcf857e3893d71aade2a62
COLLECT_GCC_OPTIONS='-v' '-o' 'CMakeFiles/cmTC_7b2ee.dir/CMakeCXXCompilerABI.cpp.o' '-c' '-shared-libgcc' '-mtune=generic' '-march=x86-64'
 /opt/rh/devtoolset-10/root/usr/libexec/gcc/x86_64-redhat-linux/10/as -v --64 -o CMakeFiles/cmTC_7b2ee.dir/CMakeCXXCompilerABI.cpp.o /tmp/ccpKc956.s
GNU assembler version 2.35 (x86_64-redhat-linux) using BFD version version 2.35-5.el7
COMPILER_PATH=/opt/rh/devtoolset-10/root/usr/libexec/gcc/x86_64-redhat-linux/10/:/opt/rh/devtoolset-10/root/usr/libexec/gcc/x86_64-redhat-linux/10/:/opt/rh/devtoolset-10/root/usr/libexec/gcc/x86_64-redhat-linux/:/opt/rh/devtoolset-10/root/usr/lib/gcc/x86_64-redhat-linux/10/:/opt/rh/devtoolset-10/root/usr/lib/gcc/x86_64-redhat-linux/
LIBRARY_PATH=/opt/rh/devtoolset-10/root/usr/lib/gcc/x86_64-redhat-linux/10/:/opt/rh/devtoolset-10/root/usr/lib/gcc/x86_64-redhat-linux/10/../../../../lib64/:/lib/../lib64/:/usr/lib/../lib64/:/opt/rh/devtoolset-10/root/usr/lib/gcc/x86_64-redhat-linux/10/../../../:/lib/:/usr/lib/
COLLECT_GCC_OPTIONS='-v' '-o' 'CMakeFiles/cmTC_7b2ee.dir/CMakeCXXCompilerABI.cpp.o' '-c' '-shared-libgcc' '-mtune=generic' '-march=x86-64'
Linking CXX executable cmTC_7b2ee
/opt/cmake/bin/cmake -E cmake_link_script CMakeFiles/cmTC_7b2ee.dir/link.txt --verbose=1
/opt/rh/devtoolset-10/root/usr/bin/g++  -v -rdynamic CMakeFiles/cmTC_7b2ee.dir/CMakeCXXCompilerABI.cpp.o -o cmTC_7b2ee 
Using built-in specs.
COLLECT_GCC=/opt/rh/devtoolset-10/root/usr/bin/g++
COLLECT_LTO_WRAPPER=/opt/rh/devtoolset-10/root/usr/libexec/gcc/x86_64-redhat-linux/10/lto-wrapper
Target: x86_64-redhat-linux
Configured with: ../configure --enable-bootstrap --enable-languages=c,c++,fortran,lto --prefix=/opt/rh/devtoolset-10/root/usr --mandir=/opt/rh/devtoolset-10/root/usr/share/man --infodir=/opt/rh/devtoolset-10/root/usr/share/info --with-bugurl=http://bugzilla.redhat.com/bugzilla --enable-shared --enable-threads=posix --enable-checking=release --enable-multilib --with-system-zlib --enable-__cxa_atexit --disable-libunwind-exceptions --enable-gnu-unique-object --enable-linker-build-id --with-gcc-major-version-only --with-linker-hash-style=gnu --with-default-libstdcxx-abi=gcc4-compatible --enable-plugin --enable-initfini-array --with-isl=/builddir/build/BUILD/gcc-10.2.1-20210130/obj-x86_64-redhat-linux/isl-install --disable-libmpx --enable-gnu-indirect-function --with-tune=generic --with-arch_32=x86-64 --build=x86_64-redhat-linux
Thread model: posix
Supported LTO compression algorithms: zlib
gcc version 10.2.1 20210130 (Red Hat 10.2.1-11) (GCC) 
COMPILER_PATH=/opt/rh/devtoolset-10/root/usr/libexec/gcc/x86_64-redhat-linux/10/:/opt/rh/devtoolset-10/root/usr/libexec/gcc/x86_64-redhat-linux/10/:/opt/rh/devtoolset-10/root/usr/libexec/gcc/x86_64-redhat-linux/:/opt/rh/devtoolset-10/root/usr/lib/gcc/x86_64-redhat-linux/10/:/opt/rh/devtoolset-10/root/usr/lib/gcc/x86_64-redhat-linux/
LIBRARY_PATH=/opt/rh/devtoolset-10/root/usr/lib/gcc/x86_64-redhat-linux/10/:/opt/rh/devtoolset-10/root/usr/lib/gcc/x86_64-redhat-linux/10/../../../../lib64/:/lib/../lib64/:/usr/lib/../lib64/:/opt/rh/devtoolset-10/root/usr/lib/gcc/x86_64-redhat-linux/10/../../../:/lib/:/usr/lib/
COLLECT_GCC_OPTIONS='-v' '-rdynamic' '-o' 'cmTC_7b2ee' '-shared-libgcc' '-mtune=generic' '-march=x86-64'
 /opt/rh/devtoolset-10/root/usr/libexec/gcc/x86_64-redhat-linux/10/collect2 -plugin /opt/rh/devtoolset-10/root/usr/libexec/gcc/x86_64-redhat-linux/10/liblto_plugin.so -plugin-opt=/opt/rh/devtoolset-10/root/usr/libexec/gcc/x86_64-redhat-linux/10/lto-wrapper -plugin-opt=-fresolution=/tmp/cch3arI8.res -plugin-opt=-pass-through=-lgcc_s -plugin-opt=-pass-through=-lgcc -plugin-opt=-pass-through=-lc -plugin-opt=-pass-through=-lgcc_s -plugin-opt=-pass-through=-lgcc --build-id --no-add-needed --eh-frame-hdr --hash-style=gnu -m elf_x86_64 -export-dynamic -dynamic-linker /lib64/ld-linux-x86-64.so.2 -o cmTC_7b2ee /lib/../lib64/crt1.o /lib/../lib64/crti.o /opt/rh/devtoolset-10/root/usr/lib/gcc/x86_64-redhat-linux/10/crtbegin.o -L/opt/rh/devtoolset-10/root/usr/lib/gcc/x86_64-redhat-linux/10 -L/opt/rh/devtoolset-10/root/usr/lib/gcc/x86_64-redhat-linux/10/../../../../lib64 -L/lib/../lib64 -L/usr/lib/../lib64 -L/opt/rh/devtoolset-10/root/usr/lib/gcc/x86_64-redhat-linux/10/../../.. CMakeFiles/cmTC_7b2ee.dir/CMakeCXXCompilerABI.cpp.o -lstdc++ -lm -lgcc_s -lgcc -lc -lgcc_s -lgcc /opt/rh/devtoolset-10/root/usr/lib/gcc/x86_64-redhat-linux/10/crtend.o /lib/../lib64/crtn.o
COLLECT_GCC_OPTIONS='-v' '-rdynamic' '-o' 'cmTC_7b2ee' '-shared-libgcc' '-mtune=generic' '-march=x86-64'
gmake[1]: Leaving directory '/pvfsmnt/118010224/hw4/CUDA/build/CMakeFiles/CMakeTmp'



Parsed CXX implicit include dir info from above output: rv=done
  found start of include info
  found start of implicit include info
    add: [/opt/rh/devtoolset-10/root/usr/lib/gcc/x86_64-redhat-linux/10/../../../../include/c++/10]
    add: [/opt/rh/devtoolset-10/root/usr/lib/gcc/x86_64-redhat-linux/10/../../../../include/c++/10/x86_64-redhat-linux]
    add: [/opt/rh/devtoolset-10/root/usr/lib/gcc/x86_64-redhat-linux/10/../../../../include/c++/10/backward]
    add: [/opt/rh/devtoolset-10/root/usr/lib/gcc/x86_64-redhat-linux/10/include]
    add: [/usr/local/include]
    add: [/opt/rh/devtoolset-10/root/usr/include]
    add: [/usr/include]
  end of search list found
  collapse include dir [/opt/rh/devtoolset-10/root/usr/lib/gcc/x86_64-redhat-linux/10/../../../../include/c++/10] ==> [/opt/rh/devtoolset-10/root/usr/include/c++/10]
  collapse include dir [/opt/rh/devtoolset-10/root/usr/lib/gcc/x86_64-redhat-linux/10/../../../../include/c++/10/x86_64-redhat-linux] ==> [/opt/rh/devtoolset-10/root/usr/include/c++/10/x86_64-redhat-linux]
  collapse include dir [/opt/rh/devtoolset-10/root/usr/lib/gcc/x86_64-redhat-linux/10/../../../../include/c++/10/backward] ==> [/opt/rh/devtoolset-10/root/usr/include/c++/10/backward]
  collapse include dir [/opt/rh/devtoolset-10/root/usr/lib/gcc/x86_64-redhat-linux/10/include] ==> [/opt/rh/devtoolset-10/root/usr/lib/gcc/x86_64-redhat-linux/10/include]
  collapse include dir [/usr/local/include] ==> [/usr/local/include]
  collapse include dir [/opt/rh/devtoolset-10/root/usr/include] ==> [/opt/rh/devtoolset-10/root/usr/include]
  collapse include dir [/usr/include] ==> [/usr/include]
  implicit include dirs: [/opt/rh/devtoolset-10/root/usr/include/c++/10;/opt/rh/devtoolset-10/root/usr/include/c++/10/x86_64-redhat-linux;/opt/rh/devtoolset-10/root/usr/include/c++/10/backward;/opt/rh/devtoolset-10/root/usr/lib/gcc/x86_64-redhat-linux/10/include;/usr/local/include;/opt/rh/devtoolset-10/root/usr/include;/usr/include]


Parsed CXX implicit link information from above output:
  link line regex: [^( *|.*[/\])(ld|CMAKE_LINK_STARTFILE-NOTFOUND|([^/\]+-)?ld|collect2)[^/\]*( |$)]
  ignore line: [Change Dir: /pvfsmnt/118010224/hw4/CUDA/build/CMakeFiles/CMakeTmp]
  ignore line: []
  ignore line: [Run Build Command(s):/opt/rh/devtoolset-10/root/usr/bin/gmake -f Makefile cmTC_7b2ee/fast && /opt/rh/devtoolset-10/root/usr/bin/gmake  -f CMakeFiles/cmTC_7b2ee.dir/build.make CMakeFiles/cmTC_7b2ee.dir/build]
  ignore line: [gmake[1]: Entering directory '/pvfsmnt/118010224/hw4/CUDA/build/CMakeFiles/CMakeTmp']
  ignore line: [Building CXX object CMakeFiles/cmTC_7b2ee.dir/CMakeCXXCompilerABI.cpp.o]
  ignore line: [/opt/rh/devtoolset-10/root/usr/bin/g++   -v -o CMakeFiles/cmTC_7b2ee.dir/CMakeCXXCompilerABI.cpp.o -c /opt/cmake/share/cmake-3.21/Modules/CMakeCXXCompilerABI.cpp]
  ignore line: [Using built-in specs.]
  ignore line: [COLLECT_GCC=/opt/rh/devtoolset-10/root/usr/bin/g++]
  ignore line: [Target: x86_64-redhat-linux]
  ignore line: [Configured with: ../configure --enable-bootstrap --enable-languages=c c++ fortran lto --prefix=/opt/rh/devtoolset-10/root/usr --mandir=/opt/rh/devtoolset-10/root/usr/share/man --infodir=/opt/rh/devtoolset-10/root/usr/share/info --with-bugurl=http://bugzilla.redhat.com/bugzilla --enable-shared --enable-threads=posix --enable-checking=release --enable-multilib --with-system-zlib --enable-__cxa_atexit --disable-libunwind-exceptions --enable-gnu-unique-object --enable-linker-build-id --with-gcc-major-version-only --with-linker-hash-style=gnu --with-default-libstdcxx-abi=gcc4-compatible --enable-plugin --enable-initfini-array --with-isl=/builddir/build/BUILD/gcc-10.2.1-20210130/obj-x86_64-redhat-linux/isl-install --disable-libmpx --enable-gnu-indirect-function --with-tune=generic --with-arch_32=x86-64 --build=x86_64-redhat-linux]
  ignore line: [Thread model: posix]
  ignore line: [Supported LTO compression algorithms: zlib]
  ignore line: [gcc version 10.2.1 20210130 (Red Hat 10.2.1-11) (GCC) ]
  ignore line: [COLLECT_GCC_OPTIONS='-v' '-o' 'CMakeFiles/cmTC_7b2ee.dir/CMakeCXXCompilerABI.cpp.o' '-c' '-shared-libgcc' '-mtune=generic' '-march=x86-64']
  ignore line: [ /opt/rh/devtoolset-10/root/usr/libexec/gcc/x86_64-redhat-linux/10/cc1plus -quiet -v -D_GNU_SOURCE /opt/cmake/share/cmake-3.21/Modules/CMakeCXXCompilerABI.cpp -quiet -dumpbase CMakeCXXCompilerABI.cpp -mtune=generic -march=x86-64 -auxbase-strip CMakeFiles/cmTC_7b2ee.dir/CMakeCXXCompilerABI.cpp.o -version -o /tmp/ccpKc956.s]
  ignore line: [GNU C++14 (GCC) version 10.2.1 20210130 (Red Hat 10.2.1-11) (x86_64-redhat-linux)]
  ignore line: [	compiled by GNU C version 10.2.1 20210130 (Red Hat 10.2.1-11)  GMP version 6.0.0  MPFR version 3.1.1  MPC version 1.0.1  isl version isl-0.16.1-GMP]
  ignore line: []
  ignore line: [GGC heuristics: --param ggc-min-expand=100 --param ggc-min-heapsize=131072]
  ignore line: [ignoring nonexistent directory "/opt/rh/devtoolset-10/root/usr/lib/gcc/x86_64-redhat-linux/10/include-fixed"]
  ignore line: [ignoring nonexistent directory "/opt/rh/devtoolset-10/root/usr/lib/gcc/x86_64-redhat-linux/10/../../../../x86_64-redhat-linux/include"]
  ignore line: [#include "..." search starts here:]
  ignore line: [#include <...> search starts here:]
  ignore line: [ /opt/rh/devtoolset-10/root/usr/lib/gcc/x86_64-redhat-linux/10/../../../../include/c++/10]
  ignore line: [ /opt/rh/devtoolset-10/root/usr/lib/gcc/x86_64-redhat-linux/10/../../../../include/c++/10/x86_64-redhat-linux]
  ignore line: [ /opt/rh/devtoolset-10/root/usr/lib/gcc/x86_64-redhat-linux/10/../../../../include/c++/10/backward]
  ignore line: [ /opt/rh/devtoolset-10/root/usr/lib/gcc/x86_64-redhat-linux/10/include]
  ignore line: [ /usr/local/include]
  ignore line: [ /opt/rh/devtoolset-10/root/usr/include]
  ignore line: [ /usr/include]
  ignore line: [End of search list.]
  ignore line: [GNU C++14 (GCC) version 10.2.1 20210130 (Red Hat 10.2.1-11) (x86_64-redhat-linux)]
  ignore line: [	compiled by GNU C version 10.2.1 20210130 (Red Hat 10.2.1-11)  GMP version 6.0.0  MPFR version 3.1.1  MPC version 1.0.1  isl version isl-0.16.1-GMP]
  ignore line: []
  ignore line: [GGC heuristics: --param ggc-min-expand=100 --param ggc-min-heapsize=131072]
  ignore line: [Compiler executable checksum: 90aa9bafbbfcf857e3893d71aade2a62]
  ignore line: [COLLECT_GCC_OPTIONS='-v' '-o' 'CMakeFiles/cmTC_7b2ee.dir/CMakeCXXCompilerABI.cpp.o' '-c' '-shared-libgcc' '-mtune=generic' '-march=x86-64']
  ignore line: [ /opt/rh/devtoolset-10/root/usr/libexec/gcc/x86_64-redhat-linux/10/as -v --64 -o CMakeFiles/cmTC_7b2ee.dir/CMakeCXXCompilerABI.cpp.o /tmp/ccpKc956.s]
  ignore line: [GNU assembler version 2.35 (x86_64-redhat-linux) using BFD version version 2.35-5.el7]
  ignore line: [COMPILER_PATH=/opt/rh/devtoolset-10/root/usr/libexec/gcc/x86_64-redhat-linux/10/:/opt/rh/devtoolset-10/root/usr/libexec/gcc/x86_64-redhat-linux/10/:/opt/rh/devtoolset-10/root/usr/libexec/gcc/x86_64-redhat-linux/:/opt/rh/devtoolset-10/root/usr/lib/gcc/x86_64-redhat-linux/10/:/opt/rh/devtoolset-10/root/usr/lib/gcc/x86_64-redhat-linux/]
  ignore line: [LIBRARY_PATH=/opt/rh/devtoolset-10/root/usr/lib/gcc/x86_64-redhat-linux/10/:/opt/rh/devtoolset-10/root/usr/lib/gcc/x86_64-redhat-linux/10/../../../../lib64/:/lib/../lib64/:/usr/lib/../lib64/:/opt/rh/devtoolset-10/root/usr/lib/gcc/x86_64-redhat-linux/10/../../../:/lib/:/usr/lib/]
  ignore line: [COLLECT_GCC_OPTIONS='-v' '-o' 'CMakeFiles/cmTC_7b2ee.dir/CMakeCXXCompilerABI.cpp.o' '-c' '-shared-libgcc' '-mtune=generic' '-march=x86-64']
  ignore line: [Linking CXX executable cmTC_7b2ee]
  ignore line: [/opt/cmake/bin/cmake -E cmake_link_script CMakeFiles/cmTC_7b2ee.dir/link.txt --verbose=1]
  ignore line: [/opt/rh/devtoolset-10/root/usr/bin/g++  -v -rdynamic CMakeFiles/cmTC_7b2ee.dir/CMakeCXXCompilerABI.cpp.o -o cmTC_7b2ee ]
  ignore line: [Using built-in specs.]
  ignore line: [COLLECT_GCC=/opt/rh/devtoolset-10/root/usr/bin/g++]
  ignore line: [COLLECT_LTO_WRAPPER=/opt/rh/devtoolset-10/root/usr/libexec/gcc/x86_64-redhat-linux/10/lto-wrapper]
  ignore line: [Target: x86_64-redhat-linux]
  ignore line: [Configured with: ../configure --enable-bootstrap --enable-languages=c c++ fortran lto --prefix=/opt/rh/devtoolset-10/root/usr --mandir=/opt/rh/devtoolset-10/root/usr/share/man --infodir=/opt/rh/devtoolset-10/root/usr/share/info --with-bugurl=http://bugzilla.redhat.com/bugzilla --enable-shared --enable-threads=posix --enable-checking=release --enable-multilib --with-system-zlib --enable-__cxa_atexit --disable-libunwind-exceptions --enable-gnu-unique-object --enable-linker-build-id --with-gcc-major-version-only --with-linker-hash-style=gnu --with-default-libstdcxx-abi=gcc4-compatible --enable-plugin --enable-initfini-array --with-isl=/builddir/build/BUILD/gcc-10.2.1-20210130/obj-x86_64-redhat-linux/isl-install --disable-libmpx --enable-gnu-indirect-function --with-tune=generic --with-arch_32=x86-64 --build=x86_64-redhat-linux]
  ignore line: [Thread model: posix]
  ignore line: [Supported LTO compression algorithms: zlib]
  ignore line: [gcc version 10.2.1 20210130 (Red Hat 10.2.1-11) (GCC) ]
  ignore line: [COMPILER_PATH=/opt/rh/devtoolset-10/root/usr/libexec/gcc/x86_64-redhat-linux/10/:/opt/rh/devtoolset-10/root/usr/libexec/gcc/x86_64-redhat-linux/10/:/opt/rh/devtoolset-10/root/usr/libexec/gcc/x86_64-redhat-linux/:/opt/rh/devtoolset-10/root/usr/lib/gcc/x86_64-redhat-linux/10/:/opt/rh/devtoolset-10/root/usr/lib/gcc/x86_64-redhat-linux/]
  ignore line: [LIBRARY_PATH=/opt/rh/devtoolset-10/root/usr/lib/gcc/x86_64-redhat-linux/10/:/opt/rh/devtoolset-10/root/usr/lib/gcc/x86_64-redhat-linux/10/../../../../lib64/:/lib/../lib64/:/usr/lib/../lib64/:/opt/rh/devtoolset-10/root/usr/lib/gcc/x86_64-redhat-linux/10/../../../:/lib/:/usr/lib/]
  ignore line: [COLLECT_GCC_OPTIONS='-v' '-rdynamic' '-o' 'cmTC_7b2ee' '-shared-libgcc' '-mtune=generic' '-march=x86-64']
  link line: [ /opt/rh/devtoolset-10/root/usr/libexec/gcc/x86_64-redhat-linux/10/collect2 -plugin /opt/rh/devtoolset-10/root/usr/libexec/gcc/x86_64-redhat-linux/10/liblto_plugin.so -plugin-opt=/opt/rh/devtoolset-10/root/usr/libexec/gcc/x86_64-redhat-linux/10/lto-wrapper -plugin-opt=-fresolution=/tmp/cch3arI8.res -plugin-opt=-pass-through=-lgcc_s -plugin-opt=-pass-through=-lgcc -plugin-opt=-pass-through=-lc -plugin-opt=-pass-through=-lgcc_s -plugin-opt=-pass-through=-lgcc --build-id --no-add-needed --eh-frame-hdr --hash-style=gnu -m elf_x86_64 -export-dynamic -dynamic-linker /lib64/ld-linux-x86-64.so.2 -o cmTC_7b2ee /lib/../lib64/crt1.o /lib/../lib64/crti.o /opt/rh/devtoolset-10/root/usr/lib/gcc/x86_64-redhat-linux/10/crtbegin.o -L/opt/rh/devtoolset-10/root/usr/lib/gcc/x86_64-redhat-linux/10 -L/opt/rh/devtoolset-10/root/usr/lib/gcc/x86_64-redhat-linux/10/../../../../lib64 -L/lib/../lib64 -L/usr/lib/../lib64 -L/opt/rh/devtoolset-10/root/usr/lib/gcc/x86_64-redhat-linux/10/../../.. CMakeFiles/cmTC_7b2ee.dir/CMakeCXXCompilerABI.cpp.o -lstdc++ -lm -lgcc_s -lgcc -lc -lgcc_s -lgcc /opt/rh/devtoolset-10/root/usr/lib/gcc/x86_64-redhat-linux/10/crtend.o /lib/../lib64/crtn.o]
    arg [/opt/rh/devtoolset-10/root/usr/libexec/gcc/x86_64-redhat-linux/10/collect2] ==> ignore
    arg [-plugin] ==> ignore
    arg [/opt/rh/devtoolset-10/root/usr/libexec/gcc/x86_64-redhat-linux/10/liblto_plugin.so] ==> ignore
    arg [-plugin-opt=/opt/rh/devtoolset-10/root/usr/libexec/gcc/x86_64-redhat-linux/10/lto-wrapper] ==> ignore
    arg [-plugin-opt=-fresolution=/tmp/cch3arI8.res] ==> ignore
    arg [-plugin-opt=-pass-through=-lgcc_s] ==> ignore
    arg [-plugin-opt=-pass-through=-lgcc] ==> ignore
    arg [-plugin-opt=-pass-through=-lc] ==> ignore
    arg [-plugin-opt=-pass-through=-lgcc_s] ==> ignore
    arg [-plugin-opt=-pass-through=-lgcc] ==> ignore
    arg [--build-id] ==> ignore
    arg [--no-add-needed] ==> ignore
    arg [--eh-frame-hdr] ==> ignore
    arg [--hash-style=gnu] ==> ignore
    arg [-m] ==> ignore
    arg [elf_x86_64] ==> ignore
    arg [-export-dynamic] ==> ignore
    arg [-dynamic-linker] ==> ignore
    arg [/lib64/ld-linux-x86-64.so.2] ==> ignore
    arg [-o] ==> ignore
    arg [cmTC_7b2ee] ==> ignore
    arg [/lib/../lib64/crt1.o] ==> obj [/lib/../lib64/crt1.o]
    arg [/lib/../lib64/crti.o] ==> obj [/lib/../lib64/crti.o]
    arg [/opt/rh/devtoolset-10/root/usr/lib/gcc/x86_64-redhat-linux/10/crtbegin.o] ==> obj [/opt/rh/devtoolset-10/root/usr/lib/gcc/x86_64-redhat-linux/10/crtbegin.o]
    arg [-L/opt/rh/devtoolset-10/root/usr/lib/gcc/x86_64-redhat-linux/10] ==> dir [/opt/rh/devtoolset-10/root/usr/lib/gcc/x86_64-redhat-linux/10]
    arg [-L/opt/rh/devtoolset-10/root/usr/lib/gcc/x86_64-redhat-linux/10/../../../../lib64] ==> dir [/opt/rh/devtoolset-10/root/usr/lib/gcc/x86_64-redhat-linux/10/../../../../lib64]
    arg [-L/lib/../lib64] ==> dir [/lib/../lib64]
    arg [-L/usr/lib/../lib64] ==> dir [/usr/lib/../lib64]
    arg [-L/opt/rh/devtoolset-10/root/usr/lib/gcc/x86_64-redhat-linux/10/../../..] ==> dir [/opt/rh/devtoolset-10/root/usr/lib/gcc/x86_64-redhat-linux/10/../../..]
    arg [CMakeFiles/cmTC_7b2ee.dir/CMakeCXXCompilerABI.cpp.o] ==> ignore
    arg [-lstdc++] ==> lib [stdc++]
    arg [-lm] ==> lib [m]
    arg [-lgcc_s] ==> lib [gcc_s]
    arg [-lgcc] ==> lib [gcc]
    arg [-lc] ==> lib [c]
    arg [-lgcc_s] ==> lib [gcc_s]
    arg [-lgcc] ==> lib [gcc]
    arg [/opt/rh/devtoolset-10/root/usr/lib/gcc/x86_64-redhat-linux/10/crtend.o] ==> obj [/opt/rh/devtoolset-10/root/usr/lib/gcc/x86_64-redhat-linux/10/crtend.o]
    arg [/lib/../lib64/crtn.o] ==> obj [/lib/../lib64/crtn.o]
  collapse obj [/lib/../lib64/crt1.o] ==> [/lib64/crt1.o]
  collapse obj [/lib/../lib64/crti.o] ==> [/lib64/crti.o]
  collapse obj [/lib/../lib64/crtn.o] ==> [/lib64/crtn.o]
  collapse library dir [/opt/rh/devtoolset-10/root/usr/lib/gcc/x86_64-redhat-linux/10] ==> [/opt/rh/devtoolset-10/root/usr/lib/gcc/x86_64-redhat-linux/10]
  collapse library dir [/opt/rh/devtoolset-10/root/usr/lib/gcc/x86_64-redhat-linux/10/../../../../lib64] ==> [/opt/rh/devtoolset-10/root/usr/lib64]
  collapse library dir [/lib/../lib64] ==> [/lib64]
  collapse library dir [/usr/lib/../lib64] ==> [/usr/lib64]
  collapse library dir [/opt/rh/devtoolset-10/root/usr/lib/gcc/x86_64-redhat-linux/10/../../..] ==> [/opt/rh/devtoolset-10/root/usr/lib]
  implicit libs: [stdc++;m;gcc_s;gcc;c;gcc_s;gcc]
  implicit objs: [/lib64/crt1.o;/lib64/crti.o;/opt/rh/devtoolset-10/root/usr/lib/gcc/x86_64-redhat-linux/10/crtbegin.o;/opt/rh/devtoolset-10/root/usr/lib/gcc/x86_64-redhat-linux/10/crtend.o;/lib64/crtn.o]
  implicit dirs: [/opt/rh/devtoolset-10/root/usr/lib/gcc/x86_64-redhat-linux/10;/opt/rh/devtoolset-10/root/usr/lib64;/lib64;/usr/lib64;/opt/rh/devtoolset-10/root/usr/lib]
  implicit fwks: []


Determining if the include file pthread.h exists passed with the following output:
Change Dir: /pvfsmnt/118010224/hw4/CUDA/build/CMakeFiles/CMakeTmp

Run Build Command(s):/opt/rh/devtoolset-10/root/usr/bin/gmake -f Makefile cmTC_aa9bb/fast && /opt/rh/devtoolset-10/root/usr/bin/gmake  -f CMakeFiles/cmTC_aa9bb.dir/build.make CMakeFiles/cmTC_aa9bb.dir/build
gmake[1]: Entering directory '/pvfsmnt/118010224/hw4/CUDA/build/CMakeFiles/CMakeTmp'
Building CXX object CMakeFiles/cmTC_aa9bb.dir/CheckIncludeFile.cxx.o
/opt/rh/devtoolset-10/root/usr/bin/g++    -o CMakeFiles/cmTC_aa9bb.dir/CheckIncludeFile.cxx.o -c /pvfsmnt/118010224/hw4/CUDA/build/CMakeFiles/CMakeTmp/CheckIncludeFile.cxx
Linking CXX executable cmTC_aa9bb
/opt/cmake/bin/cmake -E cmake_link_script CMakeFiles/cmTC_aa9bb.dir/link.txt --verbose=1
/opt/rh/devtoolset-10/root/usr/bin/g++ -rdynamic CMakeFiles/cmTC_aa9bb.dir/CheckIncludeFile.cxx.o -o cmTC_aa9bb 
gmake[1]: Leaving directory '/pvfsmnt/118010224/hw4/CUDA/build/CMakeFiles/CMakeTmp'



Determining if the function pthread_create exists in the pthread passed with the following output:
Change Dir: /pvfsmnt/118010224/hw4/CUDA/build/CMakeFiles/CMakeTmp

Run Build Command(s):/opt/rh/devtoolset-10/root/usr/bin/gmake -f Makefile cmTC_25228/fast && /opt/rh/devtoolset-10/root/usr/bin/gmake  -f CMakeFiles/cmTC_25228.dir/build.make CMakeFiles/cmTC_25228.dir/build
gmake[1]: Entering directory '/pvfsmnt/118010224/hw4/CUDA/build/CMakeFiles/CMakeTmp'
Building CXX object CMakeFiles/cmTC_25228.dir/CheckFunctionExists.cxx.o
/opt/rh/devtoolset-10/root/usr/bin/g++   -DCHECK_FUNCTION_EXISTS=pthread_create -o CMakeFiles/cmTC_25228.dir/CheckFunctionExists.cxx.o -c /pvfsmnt/118010224/hw4/CUDA/build/CMakeFiles/CheckLibraryExists/CheckFunctionExists.cxx
Linking CXX executable cmTC_25228
/opt/cmake/bin/cmake -E cmake_link_script CMakeFiles/cmTC_25228.dir/link.txt --verbose=1
/opt/rh/devtoolset-10/root/usr/bin/g++  -DCHECK_FUNCTION_EXISTS=pthread_create -rdynamic CMakeFiles/cmTC_25228.dir/CheckFunctionExists.cxx.o -o cmTC_25228  -lpthread 
gmake[1]: Leaving directory '/pvfsmnt/118010224/hw4/CUDA/build/CMakeFiles/CMakeTmp'



